#
# A fatal error has been detected by the Java Runtime Environment:
#
#  EXCEPTION_ACCESS_VIOLATION (0xc0000005) at pc=0x00007ffd7b616490, pid=86356, tid=53008
#
# JRE version: Java(TM) SE Runtime Environment (14.0.1+7) (build 14.0.1+7)
# Java VM: Java HotSpot(TM) 64-Bit Server VM (14.0.1+7, mixed mode, sharing, tiered, compressed oops, g1 gc, windows-amd64)
# Problematic frame:
# C  [glfw.dll+0x6490]
#
# No core dump will be written. Minidumps are not enabled by default on client versions of Windows
#
# If you would like to submit a bug report, please visit:
#   https://bugreport.java.com/bugreport/crash.jsp
# The crash happened outside the Java Virtual Machine in native code.
# See problematic frame for where to report the bug.
#

---------------  S U M M A R Y ------------

Command Line: -Dfile.encoding=Cp1252 graphics.Main

Host: Intel(R) Core(TM) i7-6700K CPU @ 4.00GHz, 8 cores, 23G,  Windows 10 , 64 bit Build 18362 (10.0.18362.1110)
Time: Sun Nov  8 20:36:42 2020 Mitteleuropäische Zeit elapsed time: 2 seconds (0d 0h 0m 2s)

---------------  T H R E A D  ---------------

Current thread (0x000001b329c24800):  JavaThread "main" [_thread_in_native, id=53008, stack(0x00000008f7c00000,0x00000008f7d00000)]

Stack: [0x00000008f7c00000,0x00000008f7d00000],  sp=0x00000008f7cff2c0,  free space=1020k
Native frames: (J=compiled Java code, j=interpreted, Vv=VM code, C=native code)
C  [glfw.dll+0x6490]

Java frames: (J=compiled Java code, j=interpreted, Vv=VM code)
j  org.lwjgl.system.JNI.invokePV(JJ)V+0
j  org.lwjgl.glfw.GLFW.glfwDestroyWindow(J)V+6
j  graphics.Main.manageInputs(J)V+55
j  graphics.Main.main([Ljava/lang/String;)V+99
v  ~StubRoutines::call_stub

siginfo: EXCEPTION_ACCESS_VIOLATION (0xc0000005), reading address 0x0000000000000000


Register to memory mapping:

RIP=0x00007ffd7b616490 glfw.dll
RAX=0x0 is NULL
RBX=0x000001b35556c8a0 points into unknown readable memory: 00 f9 5f 5b b3 01 00 00
RCX=0x0 is NULL
RDX=0x00007ffd7b667ee0 glfw.dll
RSP=0x00000008f7cff2c0 is pointing into the stack for thread: 0x000001b329c24800
RBP=0x00000008f7cff380 is pointing into the stack for thread: 0x000001b329c24800
RSI=0x0000000000000148 is an unknown value
RDI=0x000001b333bf9bc0 is at code_begin+832 in an Interpreter codelet
invoke return entry points  [0x000001b333bf9880, 0x000001b333bfa2a0]  2592 bytes
R8 =0x000001b35556c8a0 points into unknown readable memory: 00 f9 5f 5b b3 01 00 00
R9 =0x00007ffd7b6163e0 glfw.dll
R10=0x000001b333bff3e8 is at code_begin+1000 in an Interpreter codelet
method entry point (kind = native)  [0x000001b333bff000, 0x000001b333bffaa0]  2720 bytes
R11=0x000000069849ead0 is an oop: java.lang.Class 
{0x000000069849ead0} - klass: 'java/lang/Class'
R12=0x0 is NULL
R13={method} {0x000001b354afe1b8} 'invokePV' '(JJ)V' in 'org/lwjgl/system/JNI'
R14=0x00000008f7cff3b8 is pointing into the stack for thread: 0x000001b329c24800
R15=0x000001b329c24800 is a thread


Registers:
RAX=0x0000000000000000, RBX=0x000001b35556c8a0, RCX=0x0000000000000000, RDX=0x00007ffd7b667ee0
RSP=0x00000008f7cff2c0, RBP=0x00000008f7cff380, RSI=0x0000000000000148, RDI=0x000001b333bf9bc0
R8 =0x000001b35556c8a0, R9 =0x00007ffd7b6163e0, R10=0x000001b333bff3e8, R11=0x000000069849ead0
R12=0x0000000000000000, R13=0x000001b354afe1b0, R14=0x00000008f7cff3b8, R15=0x000001b329c24800
RIP=0x00007ffd7b616490, EFLAGS=0x0000000000010287

Top of Stack: (sp=0x00000008f7cff2c0)
0x00000008f7cff2c0:   000001b35556c8a0 0000000000000000
0x00000008f7cff2d0:   0000000000000000 000001b333bff9c7
0x00000008f7cff2e0:   000001b354afe1b0 000001b333bff417
0x00000008f7cff2f0:   000000005801232f 00007ffdc303716e
0x00000008f7cff300:   00007ffd7b613870 0000000000000009
0x00000008f7cff310:   000001b3555602e0 0000000000000148
0x00000008f7cff320:   000000005801232f 00000008f7cff328
0x00000008f7cff330:   0000000000000000 00000008f7cff338
0x00000008f7cff340:   0000000000000000 00000008f7cff3b8
0x00000008f7cff350:   000001b354b29ae8 0000000000000000
0x00000008f7cff360:   000000069849ead0 000001b354afe1b0
0x00000008f7cff370:   0000000000000000 00000008f7cff3a0
0x00000008f7cff380:   00000008f7cff408 000001b333bfa1b3
0x00000008f7cff390:   000000069849ead0 000001b333bfc398
0x00000008f7cff3a0:   00007ffd7b6163e0 0000000000000000
0x00000008f7cff3b0:   000001b35556c8a0 0000000000000000 

Instructions: (pc=0x00007ffd7b616490)
0x00007ffd7b616390:   18 00 00 00 66 0f 6f 05 c4 02 04 00 f3 0f 7f 05
0x00007ffd7b6163a0:   64 17 05 00 c7 05 6e 17 05 00 08 00 00 00 c7 05
0x00007ffd7b6163b0:   88 17 05 00 01 00 00 00 c7 05 06 1b 05 00 ff ff
0x00007ffd7b6163c0:   ff ff c7 05 bc 17 05 00 01 00 00 00 48 83 c4 28
0x00007ffd7b6163d0:   c3 cc cc cc cc cc cc cc cc cc cc cc cc cc cc cc
0x00007ffd7b6163e0:   40 53 48 83 ec 20 83 3d 03 17 05 00 00 48 8b d9
0x00007ffd7b6163f0:   75 11 33 d2 b9 01 00 01 00 48 83 c4 20 5b e9 5d
0x00007ffd7b616400:   b8 ff ff 48 85 db 0f 84 a5 00 00 00 0f 57 c0 33
0x00007ffd7b616410:   c0 0f 11 81 c0 02 00 00 0f 11 81 d0 02 00 00 0f
0x00007ffd7b616420:   11 81 e0 02 00 00 0f 11 81 f0 02 00 00 0f 11 81
0x00007ffd7b616430:   00 03 00 00 0f 11 81 10 03 00 00 0f 11 81 20 03
0x00007ffd7b616440:   00 00 0f 11 81 30 03 00 00 48 89 81 40 03 00 00
0x00007ffd7b616450:   48 8d 0d 35 25 05 00 e8 54 47 00 00 48 3b d8 75
0x00007ffd7b616460:   07 33 c9 e8 48 b6 ff ff 48 8b cb e8 80 4a 00 00
0x00007ffd7b616470:   48 8b 0d 69 1a 05 00 48 8d 15 62 1a 05 00 48 3b
0x00007ffd7b616480:   cb 74 1b 0f 1f 40 00 66 0f 1f 84 00 00 00 00 00
0x00007ffd7b616490:   48 8b 01 48 8b d1 48 8b c8 48 3b c3 75 f2 48 8b
0x00007ffd7b6164a0:   03 48 8b cb 48 89 02 48 83 c4 20 5b e9 97 27 01
0x00007ffd7b6164b0:   00 48 83 c4 20 5b c3 cc cc cc cc cc cc cc cc cc
0x00007ffd7b6164c0:   83 3d 29 16 05 00 00 75 0c 33 d2 b9 01 00 01 00
0x00007ffd7b6164d0:   e9 8b b7 ff ff e9 d6 4a 00 00 cc cc cc cc cc cc
0x00007ffd7b6164e0:   33 c0 48 85 d2 74 02 89 02 4d 85 c0 74 03 41 89
0x00007ffd7b6164f0:   00 39 05 f9 15 05 00 75 0c 33 d2 b9 01 00 01 00
0x00007ffd7b616500:   e9 5b b7 ff ff e9 96 4c 00 00 cc cc cc cc cc cc
0x00007ffd7b616510:   48 83 ec 28 83 3d d5 15 05 00 00 75 13 33 d2 b9
0x00007ffd7b616520:   01 00 01 00 e8 37 b7 ff ff 33 c0 48 83 c4 28 c3
0x00007ffd7b616530:   81 fa 01 20 02 00 0f 8f 94 00 00 00 0f 84 83 00
0x00007ffd7b616540:   00 00 8d 82 ff ff fd ff 83 f8 0b 0f 87 12 01 00
0x00007ffd7b616550:   00 48 98 4c 8d 05 a6 9a ff ff 41 8b 84 80 80 66
0x00007ffd7b616560:   00 00 49 03 c0 ff e0 48 83 c4 28 e9 50 60 00 00
0x00007ffd7b616570:   48 83 c4 28 e9 87 60 00 00 48 83 c4 28 e9 9e 60
0x00007ffd7b616580:   00 00 48 83 c4 28 e9 85 60 00 00 48 83 c4 28 e9 


Stack slot to memory mapping:
stack at sp + 0 slots: 0x000001b35556c8a0 points into unknown readable memory: 00 f9 5f 5b b3 01 00 00
stack at sp + 1 slots: 0x0 is NULL
stack at sp + 2 slots: 0x0 is NULL
stack at sp + 3 slots: 0x000001b333bff9c7 is at code_begin+2503 in an Interpreter codelet
method entry point (kind = native)  [0x000001b333bff000, 0x000001b333bffaa0]  2720 bytes
stack at sp + 4 slots: {method} {0x000001b354afe1b8} 'invokePV' '(JJ)V' in 'org/lwjgl/system/JNI'
stack at sp + 5 slots: 0x000001b333bff417 is at code_begin+1047 in an Interpreter codelet
method entry point (kind = native)  [0x000001b333bff000, 0x000001b333bffaa0]  2720 bytes
stack at sp + 6 slots: 0x000000005801232f is an unknown value
stack at sp + 7 slots: 0x00007ffdc303716e KERNELBASE.dll


---------------  P R O C E S S  ---------------

Threads class SMR info:
_java_thread_list=0x000001b35b3ca960, length=13, elements={
0x000001b329c24800, 0x000001b354f92800, 0x000001b354f93800, 0x000001b354fad000,
0x000001b354fb1000, 0x000001b354fba000, 0x000001b354fbf800, 0x000001b354fc4000,
0x000001b354fd2000, 0x000001b354fd3000, 0x000001b354fd1000, 0x000001b35b38e000,
0x000001b35b391000
}

Java Threads: ( => current thread )
=>0x000001b329c24800 JavaThread "main" [_thread_in_native, id=53008, stack(0x00000008f7c00000,0x00000008f7d00000)]
  0x000001b354f92800 JavaThread "Reference Handler" daemon [_thread_blocked, id=56420, stack(0x00000008f8300000,0x00000008f8400000)]
  0x000001b354f93800 JavaThread "Finalizer" daemon [_thread_blocked, id=48312, stack(0x00000008f8400000,0x00000008f8500000)]
  0x000001b354fad000 JavaThread "Signal Dispatcher" daemon [_thread_blocked, id=40688, stack(0x00000008f8500000,0x00000008f8600000)]
  0x000001b354fb1000 JavaThread "Attach Listener" daemon [_thread_blocked, id=15652, stack(0x00000008f8600000,0x00000008f8700000)]
  0x000001b354fba000 JavaThread "Service Thread" daemon [_thread_blocked, id=59276, stack(0x00000008f8700000,0x00000008f8800000)]
  0x000001b354fbf800 JavaThread "C2 CompilerThread0" daemon [_thread_blocked, id=45752, stack(0x00000008f8800000,0x00000008f8900000)]
  0x000001b354fc4000 JavaThread "C1 CompilerThread0" daemon [_thread_blocked, id=42316, stack(0x00000008f8900000,0x00000008f8a00000)]
  0x000001b354fd2000 JavaThread "Sweeper thread" daemon [_thread_blocked, id=30808, stack(0x00000008f8a00000,0x00000008f8b00000)]
  0x000001b354fd3000 JavaThread "Notification Thread" daemon [_thread_blocked, id=71684, stack(0x00000008f8b00000,0x00000008f8c00000)]
  0x000001b354fd1000 JavaThread "Common-Cleaner" daemon [_thread_blocked, id=5420, stack(0x00000008f8d00000,0x00000008f8e00000)]
  0x000001b35b38e000 JavaThread "C2 CompilerThread1" daemon [_thread_blocked, id=42944, stack(0x00000008f9500000,0x00000008f9600000)]
  0x000001b35b391000 JavaThread "C2 CompilerThread2" daemon [_thread_blocked, id=50960, stack(0x00000008f9600000,0x00000008f9700000)]

Other Threads:
  0x000001b354f8c800 VMThread "VM Thread" [stack: 0x00000008f8200000,0x00000008f8300000] [id=11484]
  0x000001b3550f9800 WatcherThread [stack: 0x00000008f8c00000,0x00000008f8d00000] [id=33368]
  0x000001b329caa000 GCTaskThread "GC Thread#0" [stack: 0x00000008f7d00000,0x00000008f7e00000] [id=5032]
  0x000001b329cdc000 ConcurrentGCThread "G1 Main Marker" [stack: 0x00000008f7e00000,0x00000008f7f00000] [id=26340]
  0x000001b329cdd800 ConcurrentGCThread "G1 Conc#0" [stack: 0x00000008f7f00000,0x00000008f8000000] [id=57292]
  0x000001b35408e000 ConcurrentGCThread "G1 Refine#0" [stack: 0x00000008f8000000,0x00000008f8100000] [id=77512]
  0x000001b354091000 ConcurrentGCThread "G1 Young RemSet Sampling" [stack: 0x00000008f8100000,0x00000008f8200000] [id=2144]

Threads with active compile tasks:

VM state:not at safepoint (normal execution)

VM Mutex/Monitor currently owned by a thread: None

Heap address: 0x0000000680a00000, size: 6134 MB, Compressed Oops mode: Zero based, Oop shift amount: 3
Narrow klass base: 0x0000000800000000, Narrow klass shift: 3
Compressed class space size: 1073741824 Address: 0x0000000800b30000

Heap:
 garbage-first heap   total 393216K, used 16384K [0x0000000680a00000, 0x0000000800000000)
  region size 1024K, 18 young (18432K), 0 survivors (0K)
 Metaspace       used 5587K, capacity 8665K, committed 8832K, reserved 1056768K
  class space    used 284K, capacity 596K, committed 640K, reserved 1048576K
Heap Regions: E=young(eden), S=young(survivor), O=old, HS=humongous(starts), HC=humongous(continues), CS=collection set, F=free, OA=open archive, CA=closed archive, TAMS=top-at-mark-start (previous, next)
|   0|0x0000000680a00000, 0x0000000680a00000, 0x0000000680b00000|  0%| F|  |TAMS 0x0000000680a00000, 0x0000000680a00000| Untracked 
|   1|0x0000000680b00000, 0x0000000680b00000, 0x0000000680c00000|  0%| F|  |TAMS 0x0000000680b00000, 0x0000000680b00000| Untracked 
|   2|0x0000000680c00000, 0x0000000680c00000, 0x0000000680d00000|  0%| F|  |TAMS 0x0000000680c00000, 0x0000000680c00000| Untracked 
|   3|0x0000000680d00000, 0x0000000680d00000, 0x0000000680e00000|  0%| F|  |TAMS 0x0000000680d00000, 0x0000000680d00000| Untracked 
|   4|0x0000000680e00000, 0x0000000680e00000, 0x0000000680f00000|  0%| F|  |TAMS 0x0000000680e00000, 0x0000000680e00000| Untracked 
|   5|0x0000000680f00000, 0x0000000680f00000, 0x0000000681000000|  0%| F|  |TAMS 0x0000000680f00000, 0x0000000680f00000| Untracked 
|   6|0x0000000681000000, 0x0000000681000000, 0x0000000681100000|  0%| F|  |TAMS 0x0000000681000000, 0x0000000681000000| Untracked 
|   7|0x0000000681100000, 0x0000000681100000, 0x0000000681200000|  0%| F|  |TAMS 0x0000000681100000, 0x0000000681100000| Untracked 
|   8|0x0000000681200000, 0x0000000681200000, 0x0000000681300000|  0%| F|  |TAMS 0x0000000681200000, 0x0000000681200000| Untracked 
|   9|0x0000000681300000, 0x0000000681300000, 0x0000000681400000|  0%| F|  |TAMS 0x0000000681300000, 0x0000000681300000| Untracked 
|  10|0x0000000681400000, 0x0000000681400000, 0x0000000681500000|  0%| F|  |TAMS 0x0000000681400000, 0x0000000681400000| Untracked 
|  11|0x0000000681500000, 0x0000000681500000, 0x0000000681600000|  0%| F|  |TAMS 0x0000000681500000, 0x0000000681500000| Untracked 
|  12|0x0000000681600000, 0x0000000681600000, 0x0000000681700000|  0%| F|  |TAMS 0x0000000681600000, 0x0000000681600000| Untracked 
|  13|0x0000000681700000, 0x0000000681700000, 0x0000000681800000|  0%| F|  |TAMS 0x0000000681700000, 0x0000000681700000| Untracked 
|  14|0x0000000681800000, 0x0000000681800000, 0x0000000681900000|  0%| F|  |TAMS 0x0000000681800000, 0x0000000681800000| Untracked 
|  15|0x0000000681900000, 0x0000000681900000, 0x0000000681a00000|  0%| F|  |TAMS 0x0000000681900000, 0x0000000681900000| Untracked 
|  16|0x0000000681a00000, 0x0000000681a00000, 0x0000000681b00000|  0%| F|  |TAMS 0x0000000681a00000, 0x0000000681a00000| Untracked 
|  17|0x0000000681b00000, 0x0000000681b00000, 0x0000000681c00000|  0%| F|  |TAMS 0x0000000681b00000, 0x0000000681b00000| Untracked 
|  18|0x0000000681c00000, 0x0000000681c00000, 0x0000000681d00000|  0%| F|  |TAMS 0x0000000681c00000, 0x0000000681c00000| Untracked 
|  19|0x0000000681d00000, 0x0000000681d00000, 0x0000000681e00000|  0%| F|  |TAMS 0x0000000681d00000, 0x0000000681d00000| Untracked 
|  20|0x0000000681e00000, 0x0000000681e00000, 0x0000000681f00000|  0%| F|  |TAMS 0x0000000681e00000, 0x0000000681e00000| Untracked 
|  21|0x0000000681f00000, 0x0000000681f00000, 0x0000000682000000|  0%| F|  |TAMS 0x0000000681f00000, 0x0000000681f00000| Untracked 
|  22|0x0000000682000000, 0x0000000682000000, 0x0000000682100000|  0%| F|  |TAMS 0x0000000682000000, 0x0000000682000000| Untracked 
|  23|0x0000000682100000, 0x0000000682100000, 0x0000000682200000|  0%| F|  |TAMS 0x0000000682100000, 0x0000000682100000| Untracked 
|  24|0x0000000682200000, 0x0000000682200000, 0x0000000682300000|  0%| F|  |TAMS 0x0000000682200000, 0x0000000682200000| Untracked 
|  25|0x0000000682300000, 0x0000000682300000, 0x0000000682400000|  0%| F|  |TAMS 0x0000000682300000, 0x0000000682300000| Untracked 
|  26|0x0000000682400000, 0x0000000682400000, 0x0000000682500000|  0%| F|  |TAMS 0x0000000682400000, 0x0000000682400000| Untracked 
|  27|0x0000000682500000, 0x0000000682500000, 0x0000000682600000|  0%| F|  |TAMS 0x0000000682500000, 0x0000000682500000| Untracked 
|  28|0x0000000682600000, 0x0000000682600000, 0x0000000682700000|  0%| F|  |TAMS 0x0000000682600000, 0x0000000682600000| Untracked 
|  29|0x0000000682700000, 0x0000000682700000, 0x0000000682800000|  0%| F|  |TAMS 0x0000000682700000, 0x0000000682700000| Untracked 
|  30|0x0000000682800000, 0x0000000682800000, 0x0000000682900000|  0%| F|  |TAMS 0x0000000682800000, 0x0000000682800000| Untracked 
|  31|0x0000000682900000, 0x0000000682900000, 0x0000000682a00000|  0%| F|  |TAMS 0x0000000682900000, 0x0000000682900000| Untracked 
|  32|0x0000000682a00000, 0x0000000682a00000, 0x0000000682b00000|  0%| F|  |TAMS 0x0000000682a00000, 0x0000000682a00000| Untracked 
|  33|0x0000000682b00000, 0x0000000682b00000, 0x0000000682c00000|  0%| F|  |TAMS 0x0000000682b00000, 0x0000000682b00000| Untracked 
|  34|0x0000000682c00000, 0x0000000682c00000, 0x0000000682d00000|  0%| F|  |TAMS 0x0000000682c00000, 0x0000000682c00000| Untracked 
|  35|0x0000000682d00000, 0x0000000682d00000, 0x0000000682e00000|  0%| F|  |TAMS 0x0000000682d00000, 0x0000000682d00000| Untracked 
|  36|0x0000000682e00000, 0x0000000682e00000, 0x0000000682f00000|  0%| F|  |TAMS 0x0000000682e00000, 0x0000000682e00000| Untracked 
|  37|0x0000000682f00000, 0x0000000682f00000, 0x0000000683000000|  0%| F|  |TAMS 0x0000000682f00000, 0x0000000682f00000| Untracked 
|  38|0x0000000683000000, 0x0000000683000000, 0x0000000683100000|  0%| F|  |TAMS 0x0000000683000000, 0x0000000683000000| Untracked 
|  39|0x0000000683100000, 0x0000000683100000, 0x0000000683200000|  0%| F|  |TAMS 0x0000000683100000, 0x0000000683100000| Untracked 
|  40|0x0000000683200000, 0x0000000683200000, 0x0000000683300000|  0%| F|  |TAMS 0x0000000683200000, 0x0000000683200000| Untracked 
|  41|0x0000000683300000, 0x0000000683300000, 0x0000000683400000|  0%| F|  |TAMS 0x0000000683300000, 0x0000000683300000| Untracked 
|  42|0x0000000683400000, 0x0000000683400000, 0x0000000683500000|  0%| F|  |TAMS 0x0000000683400000, 0x0000000683400000| Untracked 
|  43|0x0000000683500000, 0x0000000683500000, 0x0000000683600000|  0%| F|  |TAMS 0x0000000683500000, 0x0000000683500000| Untracked 
|  44|0x0000000683600000, 0x0000000683600000, 0x0000000683700000|  0%| F|  |TAMS 0x0000000683600000, 0x0000000683600000| Untracked 
|  45|0x0000000683700000, 0x0000000683700000, 0x0000000683800000|  0%| F|  |TAMS 0x0000000683700000, 0x0000000683700000| Untracked 
|  46|0x0000000683800000, 0x0000000683800000, 0x0000000683900000|  0%| F|  |TAMS 0x0000000683800000, 0x0000000683800000| Untracked 
|  47|0x0000000683900000, 0x0000000683900000, 0x0000000683a00000|  0%| F|  |TAMS 0x0000000683900000, 0x0000000683900000| Untracked 
|  48|0x0000000683a00000, 0x0000000683a00000, 0x0000000683b00000|  0%| F|  |TAMS 0x0000000683a00000, 0x0000000683a00000| Untracked 
|  49|0x0000000683b00000, 0x0000000683b00000, 0x0000000683c00000|  0%| F|  |TAMS 0x0000000683b00000, 0x0000000683b00000| Untracked 
|  50|0x0000000683c00000, 0x0000000683c00000, 0x0000000683d00000|  0%| F|  |TAMS 0x0000000683c00000, 0x0000000683c00000| Untracked 
|  51|0x0000000683d00000, 0x0000000683d00000, 0x0000000683e00000|  0%| F|  |TAMS 0x0000000683d00000, 0x0000000683d00000| Untracked 
|  52|0x0000000683e00000, 0x0000000683e00000, 0x0000000683f00000|  0%| F|  |TAMS 0x0000000683e00000, 0x0000000683e00000| Untracked 
|  53|0x0000000683f00000, 0x0000000683f00000, 0x0000000684000000|  0%| F|  |TAMS 0x0000000683f00000, 0x0000000683f00000| Untracked 
|  54|0x0000000684000000, 0x0000000684000000, 0x0000000684100000|  0%| F|  |TAMS 0x0000000684000000, 0x0000000684000000| Untracked 
|  55|0x0000000684100000, 0x0000000684100000, 0x0000000684200000|  0%| F|  |TAMS 0x0000000684100000, 0x0000000684100000| Untracked 
|  56|0x0000000684200000, 0x0000000684200000, 0x0000000684300000|  0%| F|  |TAMS 0x0000000684200000, 0x0000000684200000| Untracked 
|  57|0x0000000684300000, 0x0000000684300000, 0x0000000684400000|  0%| F|  |TAMS 0x0000000684300000, 0x0000000684300000| Untracked 
|  58|0x0000000684400000, 0x0000000684400000, 0x0000000684500000|  0%| F|  |TAMS 0x0000000684400000, 0x0000000684400000| Untracked 
|  59|0x0000000684500000, 0x0000000684500000, 0x0000000684600000|  0%| F|  |TAMS 0x0000000684500000, 0x0000000684500000| Untracked 
|  60|0x0000000684600000, 0x0000000684600000, 0x0000000684700000|  0%| F|  |TAMS 0x0000000684600000, 0x0000000684600000| Untracked 
|  61|0x0000000684700000, 0x0000000684700000, 0x0000000684800000|  0%| F|  |TAMS 0x0000000684700000, 0x0000000684700000| Untracked 
|  62|0x0000000684800000, 0x0000000684800000, 0x0000000684900000|  0%| F|  |TAMS 0x0000000684800000, 0x0000000684800000| Untracked 
|  63|0x0000000684900000, 0x0000000684900000, 0x0000000684a00000|  0%| F|  |TAMS 0x0000000684900000, 0x0000000684900000| Untracked 
|  64|0x0000000684a00000, 0x0000000684a00000, 0x0000000684b00000|  0%| F|  |TAMS 0x0000000684a00000, 0x0000000684a00000| Untracked 
|  65|0x0000000684b00000, 0x0000000684b00000, 0x0000000684c00000|  0%| F|  |TAMS 0x0000000684b00000, 0x0000000684b00000| Untracked 
|  66|0x0000000684c00000, 0x0000000684c00000, 0x0000000684d00000|  0%| F|  |TAMS 0x0000000684c00000, 0x0000000684c00000| Untracked 
|  67|0x0000000684d00000, 0x0000000684d00000, 0x0000000684e00000|  0%| F|  |TAMS 0x0000000684d00000, 0x0000000684d00000| Untracked 
|  68|0x0000000684e00000, 0x0000000684e00000, 0x0000000684f00000|  0%| F|  |TAMS 0x0000000684e00000, 0x0000000684e00000| Untracked 
|  69|0x0000000684f00000, 0x0000000684f00000, 0x0000000685000000|  0%| F|  |TAMS 0x0000000684f00000, 0x0000000684f00000| Untracked 
|  70|0x0000000685000000, 0x0000000685000000, 0x0000000685100000|  0%| F|  |TAMS 0x0000000685000000, 0x0000000685000000| Untracked 
|  71|0x0000000685100000, 0x0000000685100000, 0x0000000685200000|  0%| F|  |TAMS 0x0000000685100000, 0x0000000685100000| Untracked 
|  72|0x0000000685200000, 0x0000000685200000, 0x0000000685300000|  0%| F|  |TAMS 0x0000000685200000, 0x0000000685200000| Untracked 
|  73|0x0000000685300000, 0x0000000685300000, 0x0000000685400000|  0%| F|  |TAMS 0x0000000685300000, 0x0000000685300000| Untracked 
|  74|0x0000000685400000, 0x0000000685400000, 0x0000000685500000|  0%| F|  |TAMS 0x0000000685400000, 0x0000000685400000| Untracked 
|  75|0x0000000685500000, 0x0000000685500000, 0x0000000685600000|  0%| F|  |TAMS 0x0000000685500000, 0x0000000685500000| Untracked 
|  76|0x0000000685600000, 0x0000000685600000, 0x0000000685700000|  0%| F|  |TAMS 0x0000000685600000, 0x0000000685600000| Untracked 
|  77|0x0000000685700000, 0x0000000685700000, 0x0000000685800000|  0%| F|  |TAMS 0x0000000685700000, 0x0000000685700000| Untracked 
|  78|0x0000000685800000, 0x0000000685800000, 0x0000000685900000|  0%| F|  |TAMS 0x0000000685800000, 0x0000000685800000| Untracked 
|  79|0x0000000685900000, 0x0000000685900000, 0x0000000685a00000|  0%| F|  |TAMS 0x0000000685900000, 0x0000000685900000| Untracked 
|  80|0x0000000685a00000, 0x0000000685a00000, 0x0000000685b00000|  0%| F|  |TAMS 0x0000000685a00000, 0x0000000685a00000| Untracked 
|  81|0x0000000685b00000, 0x0000000685b00000, 0x0000000685c00000|  0%| F|  |TAMS 0x0000000685b00000, 0x0000000685b00000| Untracked 
|  82|0x0000000685c00000, 0x0000000685c00000, 0x0000000685d00000|  0%| F|  |TAMS 0x0000000685c00000, 0x0000000685c00000| Untracked 
|  83|0x0000000685d00000, 0x0000000685d00000, 0x0000000685e00000|  0%| F|  |TAMS 0x0000000685d00000, 0x0000000685d00000| Untracked 
|  84|0x0000000685e00000, 0x0000000685e00000, 0x0000000685f00000|  0%| F|  |TAMS 0x0000000685e00000, 0x0000000685e00000| Untracked 
|  85|0x0000000685f00000, 0x0000000685f00000, 0x0000000686000000|  0%| F|  |TAMS 0x0000000685f00000, 0x0000000685f00000| Untracked 
|  86|0x0000000686000000, 0x0000000686000000, 0x0000000686100000|  0%| F|  |TAMS 0x0000000686000000, 0x0000000686000000| Untracked 
|  87|0x0000000686100000, 0x0000000686100000, 0x0000000686200000|  0%| F|  |TAMS 0x0000000686100000, 0x0000000686100000| Untracked 
|  88|0x0000000686200000, 0x0000000686200000, 0x0000000686300000|  0%| F|  |TAMS 0x0000000686200000, 0x0000000686200000| Untracked 
|  89|0x0000000686300000, 0x0000000686300000, 0x0000000686400000|  0%| F|  |TAMS 0x0000000686300000, 0x0000000686300000| Untracked 
|  90|0x0000000686400000, 0x0000000686400000, 0x0000000686500000|  0%| F|  |TAMS 0x0000000686400000, 0x0000000686400000| Untracked 
|  91|0x0000000686500000, 0x0000000686500000, 0x0000000686600000|  0%| F|  |TAMS 0x0000000686500000, 0x0000000686500000| Untracked 
|  92|0x0000000686600000, 0x0000000686600000, 0x0000000686700000|  0%| F|  |TAMS 0x0000000686600000, 0x0000000686600000| Untracked 
|  93|0x0000000686700000, 0x0000000686700000, 0x0000000686800000|  0%| F|  |TAMS 0x0000000686700000, 0x0000000686700000| Untracked 
|  94|0x0000000686800000, 0x0000000686800000, 0x0000000686900000|  0%| F|  |TAMS 0x0000000686800000, 0x0000000686800000| Untracked 
|  95|0x0000000686900000, 0x0000000686900000, 0x0000000686a00000|  0%| F|  |TAMS 0x0000000686900000, 0x0000000686900000| Untracked 
|  96|0x0000000686a00000, 0x0000000686a00000, 0x0000000686b00000|  0%| F|  |TAMS 0x0000000686a00000, 0x0000000686a00000| Untracked 
|  97|0x0000000686b00000, 0x0000000686b00000, 0x0000000686c00000|  0%| F|  |TAMS 0x0000000686b00000, 0x0000000686b00000| Untracked 
|  98|0x0000000686c00000, 0x0000000686c00000, 0x0000000686d00000|  0%| F|  |TAMS 0x0000000686c00000, 0x0000000686c00000| Untracked 
|  99|0x0000000686d00000, 0x0000000686d00000, 0x0000000686e00000|  0%| F|  |TAMS 0x0000000686d00000, 0x0000000686d00000| Untracked 
| 100|0x0000000686e00000, 0x0000000686e00000, 0x0000000686f00000|  0%| F|  |TAMS 0x0000000686e00000, 0x0000000686e00000| Untracked 
| 101|0x0000000686f00000, 0x0000000686f00000, 0x0000000687000000|  0%| F|  |TAMS 0x0000000686f00000, 0x0000000686f00000| Untracked 
| 102|0x0000000687000000, 0x0000000687000000, 0x0000000687100000|  0%| F|  |TAMS 0x0000000687000000, 0x0000000687000000| Untracked 
| 103|0x0000000687100000, 0x0000000687100000, 0x0000000687200000|  0%| F|  |TAMS 0x0000000687100000, 0x0000000687100000| Untracked 
| 104|0x0000000687200000, 0x0000000687200000, 0x0000000687300000|  0%| F|  |TAMS 0x0000000687200000, 0x0000000687200000| Untracked 
| 105|0x0000000687300000, 0x0000000687300000, 0x0000000687400000|  0%| F|  |TAMS 0x0000000687300000, 0x0000000687300000| Untracked 
| 106|0x0000000687400000, 0x0000000687400000, 0x0000000687500000|  0%| F|  |TAMS 0x0000000687400000, 0x0000000687400000| Untracked 
| 107|0x0000000687500000, 0x0000000687500000, 0x0000000687600000|  0%| F|  |TAMS 0x0000000687500000, 0x0000000687500000| Untracked 
| 108|0x0000000687600000, 0x0000000687600000, 0x0000000687700000|  0%| F|  |TAMS 0x0000000687600000, 0x0000000687600000| Untracked 
| 109|0x0000000687700000, 0x0000000687700000, 0x0000000687800000|  0%| F|  |TAMS 0x0000000687700000, 0x0000000687700000| Untracked 
| 110|0x0000000687800000, 0x0000000687800000, 0x0000000687900000|  0%| F|  |TAMS 0x0000000687800000, 0x0000000687800000| Untracked 
| 111|0x0000000687900000, 0x0000000687900000, 0x0000000687a00000|  0%| F|  |TAMS 0x0000000687900000, 0x0000000687900000| Untracked 
| 112|0x0000000687a00000, 0x0000000687a00000, 0x0000000687b00000|  0%| F|  |TAMS 0x0000000687a00000, 0x0000000687a00000| Untracked 
| 113|0x0000000687b00000, 0x0000000687b00000, 0x0000000687c00000|  0%| F|  |TAMS 0x0000000687b00000, 0x0000000687b00000| Untracked 
| 114|0x0000000687c00000, 0x0000000687c00000, 0x0000000687d00000|  0%| F|  |TAMS 0x0000000687c00000, 0x0000000687c00000| Untracked 
| 115|0x0000000687d00000, 0x0000000687d00000, 0x0000000687e00000|  0%| F|  |TAMS 0x0000000687d00000, 0x0000000687d00000| Untracked 
| 116|0x0000000687e00000, 0x0000000687e00000, 0x0000000687f00000|  0%| F|  |TAMS 0x0000000687e00000, 0x0000000687e00000| Untracked 
| 117|0x0000000687f00000, 0x0000000687f00000, 0x0000000688000000|  0%| F|  |TAMS 0x0000000687f00000, 0x0000000687f00000| Untracked 
| 118|0x0000000688000000, 0x0000000688000000, 0x0000000688100000|  0%| F|  |TAMS 0x0000000688000000, 0x0000000688000000| Untracked 
| 119|0x0000000688100000, 0x0000000688100000, 0x0000000688200000|  0%| F|  |TAMS 0x0000000688100000, 0x0000000688100000| Untracked 
| 120|0x0000000688200000, 0x0000000688200000, 0x0000000688300000|  0%| F|  |TAMS 0x0000000688200000, 0x0000000688200000| Untracked 
| 121|0x0000000688300000, 0x0000000688300000, 0x0000000688400000|  0%| F|  |TAMS 0x0000000688300000, 0x0000000688300000| Untracked 
| 122|0x0000000688400000, 0x0000000688400000, 0x0000000688500000|  0%| F|  |TAMS 0x0000000688400000, 0x0000000688400000| Untracked 
| 123|0x0000000688500000, 0x0000000688500000, 0x0000000688600000|  0%| F|  |TAMS 0x0000000688500000, 0x0000000688500000| Untracked 
| 124|0x0000000688600000, 0x0000000688600000, 0x0000000688700000|  0%| F|  |TAMS 0x0000000688600000, 0x0000000688600000| Untracked 
| 125|0x0000000688700000, 0x0000000688700000, 0x0000000688800000|  0%| F|  |TAMS 0x0000000688700000, 0x0000000688700000| Untracked 
| 126|0x0000000688800000, 0x0000000688800000, 0x0000000688900000|  0%| F|  |TAMS 0x0000000688800000, 0x0000000688800000| Untracked 
| 127|0x0000000688900000, 0x0000000688900000, 0x0000000688a00000|  0%| F|  |TAMS 0x0000000688900000, 0x0000000688900000| Untracked 
| 128|0x0000000688a00000, 0x0000000688a00000, 0x0000000688b00000|  0%| F|  |TAMS 0x0000000688a00000, 0x0000000688a00000| Untracked 
| 129|0x0000000688b00000, 0x0000000688b00000, 0x0000000688c00000|  0%| F|  |TAMS 0x0000000688b00000, 0x0000000688b00000| Untracked 
| 130|0x0000000688c00000, 0x0000000688c00000, 0x0000000688d00000|  0%| F|  |TAMS 0x0000000688c00000, 0x0000000688c00000| Untracked 
| 131|0x0000000688d00000, 0x0000000688d00000, 0x0000000688e00000|  0%| F|  |TAMS 0x0000000688d00000, 0x0000000688d00000| Untracked 
| 132|0x0000000688e00000, 0x0000000688e00000, 0x0000000688f00000|  0%| F|  |TAMS 0x0000000688e00000, 0x0000000688e00000| Untracked 
| 133|0x0000000688f00000, 0x0000000688f00000, 0x0000000689000000|  0%| F|  |TAMS 0x0000000688f00000, 0x0000000688f00000| Untracked 
| 134|0x0000000689000000, 0x0000000689000000, 0x0000000689100000|  0%| F|  |TAMS 0x0000000689000000, 0x0000000689000000| Untracked 
| 135|0x0000000689100000, 0x0000000689100000, 0x0000000689200000|  0%| F|  |TAMS 0x0000000689100000, 0x0000000689100000| Untracked 
| 136|0x0000000689200000, 0x0000000689200000, 0x0000000689300000|  0%| F|  |TAMS 0x0000000689200000, 0x0000000689200000| Untracked 
| 137|0x0000000689300000, 0x0000000689300000, 0x0000000689400000|  0%| F|  |TAMS 0x0000000689300000, 0x0000000689300000| Untracked 
| 138|0x0000000689400000, 0x0000000689400000, 0x0000000689500000|  0%| F|  |TAMS 0x0000000689400000, 0x0000000689400000| Untracked 
| 139|0x0000000689500000, 0x0000000689500000, 0x0000000689600000|  0%| F|  |TAMS 0x0000000689500000, 0x0000000689500000| Untracked 
| 140|0x0000000689600000, 0x0000000689600000, 0x0000000689700000|  0%| F|  |TAMS 0x0000000689600000, 0x0000000689600000| Untracked 
| 141|0x0000000689700000, 0x0000000689700000, 0x0000000689800000|  0%| F|  |TAMS 0x0000000689700000, 0x0000000689700000| Untracked 
| 142|0x0000000689800000, 0x0000000689800000, 0x0000000689900000|  0%| F|  |TAMS 0x0000000689800000, 0x0000000689800000| Untracked 
| 143|0x0000000689900000, 0x0000000689900000, 0x0000000689a00000|  0%| F|  |TAMS 0x0000000689900000, 0x0000000689900000| Untracked 
| 144|0x0000000689a00000, 0x0000000689a00000, 0x0000000689b00000|  0%| F|  |TAMS 0x0000000689a00000, 0x0000000689a00000| Untracked 
| 145|0x0000000689b00000, 0x0000000689b00000, 0x0000000689c00000|  0%| F|  |TAMS 0x0000000689b00000, 0x0000000689b00000| Untracked 
| 146|0x0000000689c00000, 0x0000000689c00000, 0x0000000689d00000|  0%| F|  |TAMS 0x0000000689c00000, 0x0000000689c00000| Untracked 
| 147|0x0000000689d00000, 0x0000000689d00000, 0x0000000689e00000|  0%| F|  |TAMS 0x0000000689d00000, 0x0000000689d00000| Untracked 
| 148|0x0000000689e00000, 0x0000000689e00000, 0x0000000689f00000|  0%| F|  |TAMS 0x0000000689e00000, 0x0000000689e00000| Untracked 
| 149|0x0000000689f00000, 0x0000000689f00000, 0x000000068a000000|  0%| F|  |TAMS 0x0000000689f00000, 0x0000000689f00000| Untracked 
| 150|0x000000068a000000, 0x000000068a000000, 0x000000068a100000|  0%| F|  |TAMS 0x000000068a000000, 0x000000068a000000| Untracked 
| 151|0x000000068a100000, 0x000000068a100000, 0x000000068a200000|  0%| F|  |TAMS 0x000000068a100000, 0x000000068a100000| Untracked 
| 152|0x000000068a200000, 0x000000068a200000, 0x000000068a300000|  0%| F|  |TAMS 0x000000068a200000, 0x000000068a200000| Untracked 
| 153|0x000000068a300000, 0x000000068a300000, 0x000000068a400000|  0%| F|  |TAMS 0x000000068a300000, 0x000000068a300000| Untracked 
| 154|0x000000068a400000, 0x000000068a400000, 0x000000068a500000|  0%| F|  |TAMS 0x000000068a400000, 0x000000068a400000| Untracked 
| 155|0x000000068a500000, 0x000000068a500000, 0x000000068a600000|  0%| F|  |TAMS 0x000000068a500000, 0x000000068a500000| Untracked 
| 156|0x000000068a600000, 0x000000068a600000, 0x000000068a700000|  0%| F|  |TAMS 0x000000068a600000, 0x000000068a600000| Untracked 
| 157|0x000000068a700000, 0x000000068a700000, 0x000000068a800000|  0%| F|  |TAMS 0x000000068a700000, 0x000000068a700000| Untracked 
| 158|0x000000068a800000, 0x000000068a800000, 0x000000068a900000|  0%| F|  |TAMS 0x000000068a800000, 0x000000068a800000| Untracked 
| 159|0x000000068a900000, 0x000000068a900000, 0x000000068aa00000|  0%| F|  |TAMS 0x000000068a900000, 0x000000068a900000| Untracked 
| 160|0x000000068aa00000, 0x000000068aa00000, 0x000000068ab00000|  0%| F|  |TAMS 0x000000068aa00000, 0x000000068aa00000| Untracked 
| 161|0x000000068ab00000, 0x000000068ab00000, 0x000000068ac00000|  0%| F|  |TAMS 0x000000068ab00000, 0x000000068ab00000| Untracked 
| 162|0x000000068ac00000, 0x000000068ac00000, 0x000000068ad00000|  0%| F|  |TAMS 0x000000068ac00000, 0x000000068ac00000| Untracked 
| 163|0x000000068ad00000, 0x000000068ad00000, 0x000000068ae00000|  0%| F|  |TAMS 0x000000068ad00000, 0x000000068ad00000| Untracked 
| 164|0x000000068ae00000, 0x000000068ae00000, 0x000000068af00000|  0%| F|  |TAMS 0x000000068ae00000, 0x000000068ae00000| Untracked 
| 165|0x000000068af00000, 0x000000068af00000, 0x000000068b000000|  0%| F|  |TAMS 0x000000068af00000, 0x000000068af00000| Untracked 
| 166|0x000000068b000000, 0x000000068b000000, 0x000000068b100000|  0%| F|  |TAMS 0x000000068b000000, 0x000000068b000000| Untracked 
| 167|0x000000068b100000, 0x000000068b100000, 0x000000068b200000|  0%| F|  |TAMS 0x000000068b100000, 0x000000068b100000| Untracked 
| 168|0x000000068b200000, 0x000000068b200000, 0x000000068b300000|  0%| F|  |TAMS 0x000000068b200000, 0x000000068b200000| Untracked 
| 169|0x000000068b300000, 0x000000068b300000, 0x000000068b400000|  0%| F|  |TAMS 0x000000068b300000, 0x000000068b300000| Untracked 
| 170|0x000000068b400000, 0x000000068b400000, 0x000000068b500000|  0%| F|  |TAMS 0x000000068b400000, 0x000000068b400000| Untracked 
| 171|0x000000068b500000, 0x000000068b500000, 0x000000068b600000|  0%| F|  |TAMS 0x000000068b500000, 0x000000068b500000| Untracked 
| 172|0x000000068b600000, 0x000000068b600000, 0x000000068b700000|  0%| F|  |TAMS 0x000000068b600000, 0x000000068b600000| Untracked 
| 173|0x000000068b700000, 0x000000068b700000, 0x000000068b800000|  0%| F|  |TAMS 0x000000068b700000, 0x000000068b700000| Untracked 
| 174|0x000000068b800000, 0x000000068b800000, 0x000000068b900000|  0%| F|  |TAMS 0x000000068b800000, 0x000000068b800000| Untracked 
| 175|0x000000068b900000, 0x000000068b900000, 0x000000068ba00000|  0%| F|  |TAMS 0x000000068b900000, 0x000000068b900000| Untracked 
| 176|0x000000068ba00000, 0x000000068ba00000, 0x000000068bb00000|  0%| F|  |TAMS 0x000000068ba00000, 0x000000068ba00000| Untracked 
| 177|0x000000068bb00000, 0x000000068bb00000, 0x000000068bc00000|  0%| F|  |TAMS 0x000000068bb00000, 0x000000068bb00000| Untracked 
| 178|0x000000068bc00000, 0x000000068bc00000, 0x000000068bd00000|  0%| F|  |TAMS 0x000000068bc00000, 0x000000068bc00000| Untracked 
| 179|0x000000068bd00000, 0x000000068bd00000, 0x000000068be00000|  0%| F|  |TAMS 0x000000068bd00000, 0x000000068bd00000| Untracked 
| 180|0x000000068be00000, 0x000000068be00000, 0x000000068bf00000|  0%| F|  |TAMS 0x000000068be00000, 0x000000068be00000| Untracked 
| 181|0x000000068bf00000, 0x000000068bf00000, 0x000000068c000000|  0%| F|  |TAMS 0x000000068bf00000, 0x000000068bf00000| Untracked 
| 182|0x000000068c000000, 0x000000068c000000, 0x000000068c100000|  0%| F|  |TAMS 0x000000068c000000, 0x000000068c000000| Untracked 
| 183|0x000000068c100000, 0x000000068c100000, 0x000000068c200000|  0%| F|  |TAMS 0x000000068c100000, 0x000000068c100000| Untracked 
| 184|0x000000068c200000, 0x000000068c200000, 0x000000068c300000|  0%| F|  |TAMS 0x000000068c200000, 0x000000068c200000| Untracked 
| 185|0x000000068c300000, 0x000000068c300000, 0x000000068c400000|  0%| F|  |TAMS 0x000000068c300000, 0x000000068c300000| Untracked 
| 186|0x000000068c400000, 0x000000068c400000, 0x000000068c500000|  0%| F|  |TAMS 0x000000068c400000, 0x000000068c400000| Untracked 
| 187|0x000000068c500000, 0x000000068c500000, 0x000000068c600000|  0%| F|  |TAMS 0x000000068c500000, 0x000000068c500000| Untracked 
| 188|0x000000068c600000, 0x000000068c600000, 0x000000068c700000|  0%| F|  |TAMS 0x000000068c600000, 0x000000068c600000| Untracked 
| 189|0x000000068c700000, 0x000000068c700000, 0x000000068c800000|  0%| F|  |TAMS 0x000000068c700000, 0x000000068c700000| Untracked 
| 190|0x000000068c800000, 0x000000068c800000, 0x000000068c900000|  0%| F|  |TAMS 0x000000068c800000, 0x000000068c800000| Untracked 
| 191|0x000000068c900000, 0x000000068c900000, 0x000000068ca00000|  0%| F|  |TAMS 0x000000068c900000, 0x000000068c900000| Untracked 
| 192|0x000000068ca00000, 0x000000068ca00000, 0x000000068cb00000|  0%| F|  |TAMS 0x000000068ca00000, 0x000000068ca00000| Untracked 
| 193|0x000000068cb00000, 0x000000068cb00000, 0x000000068cc00000|  0%| F|  |TAMS 0x000000068cb00000, 0x000000068cb00000| Untracked 
| 194|0x000000068cc00000, 0x000000068cc00000, 0x000000068cd00000|  0%| F|  |TAMS 0x000000068cc00000, 0x000000068cc00000| Untracked 
| 195|0x000000068cd00000, 0x000000068cd00000, 0x000000068ce00000|  0%| F|  |TAMS 0x000000068cd00000, 0x000000068cd00000| Untracked 
| 196|0x000000068ce00000, 0x000000068ce00000, 0x000000068cf00000|  0%| F|  |TAMS 0x000000068ce00000, 0x000000068ce00000| Untracked 
| 197|0x000000068cf00000, 0x000000068cf00000, 0x000000068d000000|  0%| F|  |TAMS 0x000000068cf00000, 0x000000068cf00000| Untracked 
| 198|0x000000068d000000, 0x000000068d000000, 0x000000068d100000|  0%| F|  |TAMS 0x000000068d000000, 0x000000068d000000| Untracked 
| 199|0x000000068d100000, 0x000000068d100000, 0x000000068d200000|  0%| F|  |TAMS 0x000000068d100000, 0x000000068d100000| Untracked 
| 200|0x000000068d200000, 0x000000068d200000, 0x000000068d300000|  0%| F|  |TAMS 0x000000068d200000, 0x000000068d200000| Untracked 
| 201|0x000000068d300000, 0x000000068d300000, 0x000000068d400000|  0%| F|  |TAMS 0x000000068d300000, 0x000000068d300000| Untracked 
| 202|0x000000068d400000, 0x000000068d400000, 0x000000068d500000|  0%| F|  |TAMS 0x000000068d400000, 0x000000068d400000| Untracked 
| 203|0x000000068d500000, 0x000000068d500000, 0x000000068d600000|  0%| F|  |TAMS 0x000000068d500000, 0x000000068d500000| Untracked 
| 204|0x000000068d600000, 0x000000068d600000, 0x000000068d700000|  0%| F|  |TAMS 0x000000068d600000, 0x000000068d600000| Untracked 
| 205|0x000000068d700000, 0x000000068d700000, 0x000000068d800000|  0%| F|  |TAMS 0x000000068d700000, 0x000000068d700000| Untracked 
| 206|0x000000068d800000, 0x000000068d800000, 0x000000068d900000|  0%| F|  |TAMS 0x000000068d800000, 0x000000068d800000| Untracked 
| 207|0x000000068d900000, 0x000000068d900000, 0x000000068da00000|  0%| F|  |TAMS 0x000000068d900000, 0x000000068d900000| Untracked 
| 208|0x000000068da00000, 0x000000068da00000, 0x000000068db00000|  0%| F|  |TAMS 0x000000068da00000, 0x000000068da00000| Untracked 
| 209|0x000000068db00000, 0x000000068db00000, 0x000000068dc00000|  0%| F|  |TAMS 0x000000068db00000, 0x000000068db00000| Untracked 
| 210|0x000000068dc00000, 0x000000068dc00000, 0x000000068dd00000|  0%| F|  |TAMS 0x000000068dc00000, 0x000000068dc00000| Untracked 
| 211|0x000000068dd00000, 0x000000068dd00000, 0x000000068de00000|  0%| F|  |TAMS 0x000000068dd00000, 0x000000068dd00000| Untracked 
| 212|0x000000068de00000, 0x000000068de00000, 0x000000068df00000|  0%| F|  |TAMS 0x000000068de00000, 0x000000068de00000| Untracked 
| 213|0x000000068df00000, 0x000000068df00000, 0x000000068e000000|  0%| F|  |TAMS 0x000000068df00000, 0x000000068df00000| Untracked 
| 214|0x000000068e000000, 0x000000068e000000, 0x000000068e100000|  0%| F|  |TAMS 0x000000068e000000, 0x000000068e000000| Untracked 
| 215|0x000000068e100000, 0x000000068e100000, 0x000000068e200000|  0%| F|  |TAMS 0x000000068e100000, 0x000000068e100000| Untracked 
| 216|0x000000068e200000, 0x000000068e200000, 0x000000068e300000|  0%| F|  |TAMS 0x000000068e200000, 0x000000068e200000| Untracked 
| 217|0x000000068e300000, 0x000000068e300000, 0x000000068e400000|  0%| F|  |TAMS 0x000000068e300000, 0x000000068e300000| Untracked 
| 218|0x000000068e400000, 0x000000068e400000, 0x000000068e500000|  0%| F|  |TAMS 0x000000068e400000, 0x000000068e400000| Untracked 
| 219|0x000000068e500000, 0x000000068e500000, 0x000000068e600000|  0%| F|  |TAMS 0x000000068e500000, 0x000000068e500000| Untracked 
| 220|0x000000068e600000, 0x000000068e600000, 0x000000068e700000|  0%| F|  |TAMS 0x000000068e600000, 0x000000068e600000| Untracked 
| 221|0x000000068e700000, 0x000000068e700000, 0x000000068e800000|  0%| F|  |TAMS 0x000000068e700000, 0x000000068e700000| Untracked 
| 222|0x000000068e800000, 0x000000068e800000, 0x000000068e900000|  0%| F|  |TAMS 0x000000068e800000, 0x000000068e800000| Untracked 
| 223|0x000000068e900000, 0x000000068e900000, 0x000000068ea00000|  0%| F|  |TAMS 0x000000068e900000, 0x000000068e900000| Untracked 
| 224|0x000000068ea00000, 0x000000068ea00000, 0x000000068eb00000|  0%| F|  |TAMS 0x000000068ea00000, 0x000000068ea00000| Untracked 
| 225|0x000000068eb00000, 0x000000068eb00000, 0x000000068ec00000|  0%| F|  |TAMS 0x000000068eb00000, 0x000000068eb00000| Untracked 
| 226|0x000000068ec00000, 0x000000068ec00000, 0x000000068ed00000|  0%| F|  |TAMS 0x000000068ec00000, 0x000000068ec00000| Untracked 
| 227|0x000000068ed00000, 0x000000068ed00000, 0x000000068ee00000|  0%| F|  |TAMS 0x000000068ed00000, 0x000000068ed00000| Untracked 
| 228|0x000000068ee00000, 0x000000068ee00000, 0x000000068ef00000|  0%| F|  |TAMS 0x000000068ee00000, 0x000000068ee00000| Untracked 
| 229|0x000000068ef00000, 0x000000068ef00000, 0x000000068f000000|  0%| F|  |TAMS 0x000000068ef00000, 0x000000068ef00000| Untracked 
| 230|0x000000068f000000, 0x000000068f000000, 0x000000068f100000|  0%| F|  |TAMS 0x000000068f000000, 0x000000068f000000| Untracked 
| 231|0x000000068f100000, 0x000000068f100000, 0x000000068f200000|  0%| F|  |TAMS 0x000000068f100000, 0x000000068f100000| Untracked 
| 232|0x000000068f200000, 0x000000068f200000, 0x000000068f300000|  0%| F|  |TAMS 0x000000068f200000, 0x000000068f200000| Untracked 
| 233|0x000000068f300000, 0x000000068f300000, 0x000000068f400000|  0%| F|  |TAMS 0x000000068f300000, 0x000000068f300000| Untracked 
| 234|0x000000068f400000, 0x000000068f400000, 0x000000068f500000|  0%| F|  |TAMS 0x000000068f400000, 0x000000068f400000| Untracked 
| 235|0x000000068f500000, 0x000000068f500000, 0x000000068f600000|  0%| F|  |TAMS 0x000000068f500000, 0x000000068f500000| Untracked 
| 236|0x000000068f600000, 0x000000068f600000, 0x000000068f700000|  0%| F|  |TAMS 0x000000068f600000, 0x000000068f600000| Untracked 
| 237|0x000000068f700000, 0x000000068f700000, 0x000000068f800000|  0%| F|  |TAMS 0x000000068f700000, 0x000000068f700000| Untracked 
| 238|0x000000068f800000, 0x000000068f800000, 0x000000068f900000|  0%| F|  |TAMS 0x000000068f800000, 0x000000068f800000| Untracked 
| 239|0x000000068f900000, 0x000000068f900000, 0x000000068fa00000|  0%| F|  |TAMS 0x000000068f900000, 0x000000068f900000| Untracked 
| 240|0x000000068fa00000, 0x000000068fa00000, 0x000000068fb00000|  0%| F|  |TAMS 0x000000068fa00000, 0x000000068fa00000| Untracked 
| 241|0x000000068fb00000, 0x000000068fb00000, 0x000000068fc00000|  0%| F|  |TAMS 0x000000068fb00000, 0x000000068fb00000| Untracked 
| 242|0x000000068fc00000, 0x000000068fc00000, 0x000000068fd00000|  0%| F|  |TAMS 0x000000068fc00000, 0x000000068fc00000| Untracked 
| 243|0x000000068fd00000, 0x000000068fd00000, 0x000000068fe00000|  0%| F|  |TAMS 0x000000068fd00000, 0x000000068fd00000| Untracked 
| 244|0x000000068fe00000, 0x000000068fe00000, 0x000000068ff00000|  0%| F|  |TAMS 0x000000068fe00000, 0x000000068fe00000| Untracked 
| 245|0x000000068ff00000, 0x000000068ff00000, 0x0000000690000000|  0%| F|  |TAMS 0x000000068ff00000, 0x000000068ff00000| Untracked 
| 246|0x0000000690000000, 0x0000000690000000, 0x0000000690100000|  0%| F|  |TAMS 0x0000000690000000, 0x0000000690000000| Untracked 
| 247|0x0000000690100000, 0x0000000690100000, 0x0000000690200000|  0%| F|  |TAMS 0x0000000690100000, 0x0000000690100000| Untracked 
| 248|0x0000000690200000, 0x0000000690200000, 0x0000000690300000|  0%| F|  |TAMS 0x0000000690200000, 0x0000000690200000| Untracked 
| 249|0x0000000690300000, 0x0000000690300000, 0x0000000690400000|  0%| F|  |TAMS 0x0000000690300000, 0x0000000690300000| Untracked 
| 250|0x0000000690400000, 0x0000000690400000, 0x0000000690500000|  0%| F|  |TAMS 0x0000000690400000, 0x0000000690400000| Untracked 
| 251|0x0000000690500000, 0x0000000690500000, 0x0000000690600000|  0%| F|  |TAMS 0x0000000690500000, 0x0000000690500000| Untracked 
| 252|0x0000000690600000, 0x0000000690600000, 0x0000000690700000|  0%| F|  |TAMS 0x0000000690600000, 0x0000000690600000| Untracked 
| 253|0x0000000690700000, 0x0000000690700000, 0x0000000690800000|  0%| F|  |TAMS 0x0000000690700000, 0x0000000690700000| Untracked 
| 254|0x0000000690800000, 0x0000000690800000, 0x0000000690900000|  0%| F|  |TAMS 0x0000000690800000, 0x0000000690800000| Untracked 
| 255|0x0000000690900000, 0x0000000690900000, 0x0000000690a00000|  0%| F|  |TAMS 0x0000000690900000, 0x0000000690900000| Untracked 
| 256|0x0000000690a00000, 0x0000000690a00000, 0x0000000690b00000|  0%| F|  |TAMS 0x0000000690a00000, 0x0000000690a00000| Untracked 
| 257|0x0000000690b00000, 0x0000000690b00000, 0x0000000690c00000|  0%| F|  |TAMS 0x0000000690b00000, 0x0000000690b00000| Untracked 
| 258|0x0000000690c00000, 0x0000000690c00000, 0x0000000690d00000|  0%| F|  |TAMS 0x0000000690c00000, 0x0000000690c00000| Untracked 
| 259|0x0000000690d00000, 0x0000000690d00000, 0x0000000690e00000|  0%| F|  |TAMS 0x0000000690d00000, 0x0000000690d00000| Untracked 
| 260|0x0000000690e00000, 0x0000000690e00000, 0x0000000690f00000|  0%| F|  |TAMS 0x0000000690e00000, 0x0000000690e00000| Untracked 
| 261|0x0000000690f00000, 0x0000000690f00000, 0x0000000691000000|  0%| F|  |TAMS 0x0000000690f00000, 0x0000000690f00000| Untracked 
| 262|0x0000000691000000, 0x0000000691000000, 0x0000000691100000|  0%| F|  |TAMS 0x0000000691000000, 0x0000000691000000| Untracked 
| 263|0x0000000691100000, 0x0000000691100000, 0x0000000691200000|  0%| F|  |TAMS 0x0000000691100000, 0x0000000691100000| Untracked 
| 264|0x0000000691200000, 0x0000000691200000, 0x0000000691300000|  0%| F|  |TAMS 0x0000000691200000, 0x0000000691200000| Untracked 
| 265|0x0000000691300000, 0x0000000691300000, 0x0000000691400000|  0%| F|  |TAMS 0x0000000691300000, 0x0000000691300000| Untracked 
| 266|0x0000000691400000, 0x0000000691400000, 0x0000000691500000|  0%| F|  |TAMS 0x0000000691400000, 0x0000000691400000| Untracked 
| 267|0x0000000691500000, 0x0000000691500000, 0x0000000691600000|  0%| F|  |TAMS 0x0000000691500000, 0x0000000691500000| Untracked 
| 268|0x0000000691600000, 0x0000000691600000, 0x0000000691700000|  0%| F|  |TAMS 0x0000000691600000, 0x0000000691600000| Untracked 
| 269|0x0000000691700000, 0x0000000691700000, 0x0000000691800000|  0%| F|  |TAMS 0x0000000691700000, 0x0000000691700000| Untracked 
| 270|0x0000000691800000, 0x0000000691800000, 0x0000000691900000|  0%| F|  |TAMS 0x0000000691800000, 0x0000000691800000| Untracked 
| 271|0x0000000691900000, 0x0000000691900000, 0x0000000691a00000|  0%| F|  |TAMS 0x0000000691900000, 0x0000000691900000| Untracked 
| 272|0x0000000691a00000, 0x0000000691a00000, 0x0000000691b00000|  0%| F|  |TAMS 0x0000000691a00000, 0x0000000691a00000| Untracked 
| 273|0x0000000691b00000, 0x0000000691b00000, 0x0000000691c00000|  0%| F|  |TAMS 0x0000000691b00000, 0x0000000691b00000| Untracked 
| 274|0x0000000691c00000, 0x0000000691c00000, 0x0000000691d00000|  0%| F|  |TAMS 0x0000000691c00000, 0x0000000691c00000| Untracked 
| 275|0x0000000691d00000, 0x0000000691d00000, 0x0000000691e00000|  0%| F|  |TAMS 0x0000000691d00000, 0x0000000691d00000| Untracked 
| 276|0x0000000691e00000, 0x0000000691e00000, 0x0000000691f00000|  0%| F|  |TAMS 0x0000000691e00000, 0x0000000691e00000| Untracked 
| 277|0x0000000691f00000, 0x0000000691f00000, 0x0000000692000000|  0%| F|  |TAMS 0x0000000691f00000, 0x0000000691f00000| Untracked 
| 278|0x0000000692000000, 0x0000000692000000, 0x0000000692100000|  0%| F|  |TAMS 0x0000000692000000, 0x0000000692000000| Untracked 
| 279|0x0000000692100000, 0x0000000692100000, 0x0000000692200000|  0%| F|  |TAMS 0x0000000692100000, 0x0000000692100000| Untracked 
| 280|0x0000000692200000, 0x0000000692200000, 0x0000000692300000|  0%| F|  |TAMS 0x0000000692200000, 0x0000000692200000| Untracked 
| 281|0x0000000692300000, 0x0000000692300000, 0x0000000692400000|  0%| F|  |TAMS 0x0000000692300000, 0x0000000692300000| Untracked 
| 282|0x0000000692400000, 0x0000000692400000, 0x0000000692500000|  0%| F|  |TAMS 0x0000000692400000, 0x0000000692400000| Untracked 
| 283|0x0000000692500000, 0x0000000692500000, 0x0000000692600000|  0%| F|  |TAMS 0x0000000692500000, 0x0000000692500000| Untracked 
| 284|0x0000000692600000, 0x0000000692600000, 0x0000000692700000|  0%| F|  |TAMS 0x0000000692600000, 0x0000000692600000| Untracked 
| 285|0x0000000692700000, 0x0000000692700000, 0x0000000692800000|  0%| F|  |TAMS 0x0000000692700000, 0x0000000692700000| Untracked 
| 286|0x0000000692800000, 0x0000000692800000, 0x0000000692900000|  0%| F|  |TAMS 0x0000000692800000, 0x0000000692800000| Untracked 
| 287|0x0000000692900000, 0x0000000692900000, 0x0000000692a00000|  0%| F|  |TAMS 0x0000000692900000, 0x0000000692900000| Untracked 
| 288|0x0000000692a00000, 0x0000000692a00000, 0x0000000692b00000|  0%| F|  |TAMS 0x0000000692a00000, 0x0000000692a00000| Untracked 
| 289|0x0000000692b00000, 0x0000000692b00000, 0x0000000692c00000|  0%| F|  |TAMS 0x0000000692b00000, 0x0000000692b00000| Untracked 
| 290|0x0000000692c00000, 0x0000000692c00000, 0x0000000692d00000|  0%| F|  |TAMS 0x0000000692c00000, 0x0000000692c00000| Untracked 
| 291|0x0000000692d00000, 0x0000000692d00000, 0x0000000692e00000|  0%| F|  |TAMS 0x0000000692d00000, 0x0000000692d00000| Untracked 
| 292|0x0000000692e00000, 0x0000000692e00000, 0x0000000692f00000|  0%| F|  |TAMS 0x0000000692e00000, 0x0000000692e00000| Untracked 
| 293|0x0000000692f00000, 0x0000000692f00000, 0x0000000693000000|  0%| F|  |TAMS 0x0000000692f00000, 0x0000000692f00000| Untracked 
| 294|0x0000000693000000, 0x0000000693000000, 0x0000000693100000|  0%| F|  |TAMS 0x0000000693000000, 0x0000000693000000| Untracked 
| 295|0x0000000693100000, 0x0000000693100000, 0x0000000693200000|  0%| F|  |TAMS 0x0000000693100000, 0x0000000693100000| Untracked 
| 296|0x0000000693200000, 0x0000000693200000, 0x0000000693300000|  0%| F|  |TAMS 0x0000000693200000, 0x0000000693200000| Untracked 
| 297|0x0000000693300000, 0x0000000693300000, 0x0000000693400000|  0%| F|  |TAMS 0x0000000693300000, 0x0000000693300000| Untracked 
| 298|0x0000000693400000, 0x0000000693400000, 0x0000000693500000|  0%| F|  |TAMS 0x0000000693400000, 0x0000000693400000| Untracked 
| 299|0x0000000693500000, 0x0000000693500000, 0x0000000693600000|  0%| F|  |TAMS 0x0000000693500000, 0x0000000693500000| Untracked 
| 300|0x0000000693600000, 0x0000000693600000, 0x0000000693700000|  0%| F|  |TAMS 0x0000000693600000, 0x0000000693600000| Untracked 
| 301|0x0000000693700000, 0x0000000693700000, 0x0000000693800000|  0%| F|  |TAMS 0x0000000693700000, 0x0000000693700000| Untracked 
| 302|0x0000000693800000, 0x0000000693800000, 0x0000000693900000|  0%| F|  |TAMS 0x0000000693800000, 0x0000000693800000| Untracked 
| 303|0x0000000693900000, 0x0000000693900000, 0x0000000693a00000|  0%| F|  |TAMS 0x0000000693900000, 0x0000000693900000| Untracked 
| 304|0x0000000693a00000, 0x0000000693a00000, 0x0000000693b00000|  0%| F|  |TAMS 0x0000000693a00000, 0x0000000693a00000| Untracked 
| 305|0x0000000693b00000, 0x0000000693b00000, 0x0000000693c00000|  0%| F|  |TAMS 0x0000000693b00000, 0x0000000693b00000| Untracked 
| 306|0x0000000693c00000, 0x0000000693c00000, 0x0000000693d00000|  0%| F|  |TAMS 0x0000000693c00000, 0x0000000693c00000| Untracked 
| 307|0x0000000693d00000, 0x0000000693d00000, 0x0000000693e00000|  0%| F|  |TAMS 0x0000000693d00000, 0x0000000693d00000| Untracked 
| 308|0x0000000693e00000, 0x0000000693e00000, 0x0000000693f00000|  0%| F|  |TAMS 0x0000000693e00000, 0x0000000693e00000| Untracked 
| 309|0x0000000693f00000, 0x0000000693f00000, 0x0000000694000000|  0%| F|  |TAMS 0x0000000693f00000, 0x0000000693f00000| Untracked 
| 310|0x0000000694000000, 0x0000000694000000, 0x0000000694100000|  0%| F|  |TAMS 0x0000000694000000, 0x0000000694000000| Untracked 
| 311|0x0000000694100000, 0x0000000694100000, 0x0000000694200000|  0%| F|  |TAMS 0x0000000694100000, 0x0000000694100000| Untracked 
| 312|0x0000000694200000, 0x0000000694200000, 0x0000000694300000|  0%| F|  |TAMS 0x0000000694200000, 0x0000000694200000| Untracked 
| 313|0x0000000694300000, 0x0000000694300000, 0x0000000694400000|  0%| F|  |TAMS 0x0000000694300000, 0x0000000694300000| Untracked 
| 314|0x0000000694400000, 0x0000000694400000, 0x0000000694500000|  0%| F|  |TAMS 0x0000000694400000, 0x0000000694400000| Untracked 
| 315|0x0000000694500000, 0x0000000694500000, 0x0000000694600000|  0%| F|  |TAMS 0x0000000694500000, 0x0000000694500000| Untracked 
| 316|0x0000000694600000, 0x0000000694600000, 0x0000000694700000|  0%| F|  |TAMS 0x0000000694600000, 0x0000000694600000| Untracked 
| 317|0x0000000694700000, 0x0000000694700000, 0x0000000694800000|  0%| F|  |TAMS 0x0000000694700000, 0x0000000694700000| Untracked 
| 318|0x0000000694800000, 0x0000000694800000, 0x0000000694900000|  0%| F|  |TAMS 0x0000000694800000, 0x0000000694800000| Untracked 
| 319|0x0000000694900000, 0x0000000694900000, 0x0000000694a00000|  0%| F|  |TAMS 0x0000000694900000, 0x0000000694900000| Untracked 
| 320|0x0000000694a00000, 0x0000000694a00000, 0x0000000694b00000|  0%| F|  |TAMS 0x0000000694a00000, 0x0000000694a00000| Untracked 
| 321|0x0000000694b00000, 0x0000000694b00000, 0x0000000694c00000|  0%| F|  |TAMS 0x0000000694b00000, 0x0000000694b00000| Untracked 
| 322|0x0000000694c00000, 0x0000000694c00000, 0x0000000694d00000|  0%| F|  |TAMS 0x0000000694c00000, 0x0000000694c00000| Untracked 
| 323|0x0000000694d00000, 0x0000000694d00000, 0x0000000694e00000|  0%| F|  |TAMS 0x0000000694d00000, 0x0000000694d00000| Untracked 
| 324|0x0000000694e00000, 0x0000000694e00000, 0x0000000694f00000|  0%| F|  |TAMS 0x0000000694e00000, 0x0000000694e00000| Untracked 
| 325|0x0000000694f00000, 0x0000000694f00000, 0x0000000695000000|  0%| F|  |TAMS 0x0000000694f00000, 0x0000000694f00000| Untracked 
| 326|0x0000000695000000, 0x0000000695000000, 0x0000000695100000|  0%| F|  |TAMS 0x0000000695000000, 0x0000000695000000| Untracked 
| 327|0x0000000695100000, 0x0000000695100000, 0x0000000695200000|  0%| F|  |TAMS 0x0000000695100000, 0x0000000695100000| Untracked 
| 328|0x0000000695200000, 0x0000000695200000, 0x0000000695300000|  0%| F|  |TAMS 0x0000000695200000, 0x0000000695200000| Untracked 
| 329|0x0000000695300000, 0x0000000695300000, 0x0000000695400000|  0%| F|  |TAMS 0x0000000695300000, 0x0000000695300000| Untracked 
| 330|0x0000000695400000, 0x0000000695400000, 0x0000000695500000|  0%| F|  |TAMS 0x0000000695400000, 0x0000000695400000| Untracked 
| 331|0x0000000695500000, 0x0000000695500000, 0x0000000695600000|  0%| F|  |TAMS 0x0000000695500000, 0x0000000695500000| Untracked 
| 332|0x0000000695600000, 0x0000000695600000, 0x0000000695700000|  0%| F|  |TAMS 0x0000000695600000, 0x0000000695600000| Untracked 
| 333|0x0000000695700000, 0x0000000695700000, 0x0000000695800000|  0%| F|  |TAMS 0x0000000695700000, 0x0000000695700000| Untracked 
| 334|0x0000000695800000, 0x0000000695800000, 0x0000000695900000|  0%| F|  |TAMS 0x0000000695800000, 0x0000000695800000| Untracked 
| 335|0x0000000695900000, 0x0000000695900000, 0x0000000695a00000|  0%| F|  |TAMS 0x0000000695900000, 0x0000000695900000| Untracked 
| 336|0x0000000695a00000, 0x0000000695a00000, 0x0000000695b00000|  0%| F|  |TAMS 0x0000000695a00000, 0x0000000695a00000| Untracked 
| 337|0x0000000695b00000, 0x0000000695b00000, 0x0000000695c00000|  0%| F|  |TAMS 0x0000000695b00000, 0x0000000695b00000| Untracked 
| 338|0x0000000695c00000, 0x0000000695c00000, 0x0000000695d00000|  0%| F|  |TAMS 0x0000000695c00000, 0x0000000695c00000| Untracked 
| 339|0x0000000695d00000, 0x0000000695d00000, 0x0000000695e00000|  0%| F|  |TAMS 0x0000000695d00000, 0x0000000695d00000| Untracked 
| 340|0x0000000695e00000, 0x0000000695e00000, 0x0000000695f00000|  0%| F|  |TAMS 0x0000000695e00000, 0x0000000695e00000| Untracked 
| 341|0x0000000695f00000, 0x0000000695f00000, 0x0000000696000000|  0%| F|  |TAMS 0x0000000695f00000, 0x0000000695f00000| Untracked 
| 342|0x0000000696000000, 0x0000000696000000, 0x0000000696100000|  0%| F|  |TAMS 0x0000000696000000, 0x0000000696000000| Untracked 
| 343|0x0000000696100000, 0x0000000696100000, 0x0000000696200000|  0%| F|  |TAMS 0x0000000696100000, 0x0000000696100000| Untracked 
| 344|0x0000000696200000, 0x0000000696200000, 0x0000000696300000|  0%| F|  |TAMS 0x0000000696200000, 0x0000000696200000| Untracked 
| 345|0x0000000696300000, 0x0000000696300000, 0x0000000696400000|  0%| F|  |TAMS 0x0000000696300000, 0x0000000696300000| Untracked 
| 346|0x0000000696400000, 0x0000000696400000, 0x0000000696500000|  0%| F|  |TAMS 0x0000000696400000, 0x0000000696400000| Untracked 
| 347|0x0000000696500000, 0x0000000696500000, 0x0000000696600000|  0%| F|  |TAMS 0x0000000696500000, 0x0000000696500000| Untracked 
| 348|0x0000000696600000, 0x0000000696600000, 0x0000000696700000|  0%| F|  |TAMS 0x0000000696600000, 0x0000000696600000| Untracked 
| 349|0x0000000696700000, 0x0000000696700000, 0x0000000696800000|  0%| F|  |TAMS 0x0000000696700000, 0x0000000696700000| Untracked 
| 350|0x0000000696800000, 0x0000000696800000, 0x0000000696900000|  0%| F|  |TAMS 0x0000000696800000, 0x0000000696800000| Untracked 
| 351|0x0000000696900000, 0x0000000696900000, 0x0000000696a00000|  0%| F|  |TAMS 0x0000000696900000, 0x0000000696900000| Untracked 
| 352|0x0000000696a00000, 0x0000000696a00000, 0x0000000696b00000|  0%| F|  |TAMS 0x0000000696a00000, 0x0000000696a00000| Untracked 
| 353|0x0000000696b00000, 0x0000000696b00000, 0x0000000696c00000|  0%| F|  |TAMS 0x0000000696b00000, 0x0000000696b00000| Untracked 
| 354|0x0000000696c00000, 0x0000000696c00000, 0x0000000696d00000|  0%| F|  |TAMS 0x0000000696c00000, 0x0000000696c00000| Untracked 
| 355|0x0000000696d00000, 0x0000000696d00000, 0x0000000696e00000|  0%| F|  |TAMS 0x0000000696d00000, 0x0000000696d00000| Untracked 
| 356|0x0000000696e00000, 0x0000000696e00000, 0x0000000696f00000|  0%| F|  |TAMS 0x0000000696e00000, 0x0000000696e00000| Untracked 
| 357|0x0000000696f00000, 0x0000000696f00000, 0x0000000697000000|  0%| F|  |TAMS 0x0000000696f00000, 0x0000000696f00000| Untracked 
| 358|0x0000000697000000, 0x0000000697000000, 0x0000000697100000|  0%| F|  |TAMS 0x0000000697000000, 0x0000000697000000| Untracked 
| 359|0x0000000697100000, 0x0000000697100000, 0x0000000697200000|  0%| F|  |TAMS 0x0000000697100000, 0x0000000697100000| Untracked 
| 360|0x0000000697200000, 0x0000000697200000, 0x0000000697300000|  0%| F|  |TAMS 0x0000000697200000, 0x0000000697200000| Untracked 
| 361|0x0000000697300000, 0x0000000697300000, 0x0000000697400000|  0%| F|  |TAMS 0x0000000697300000, 0x0000000697300000| Untracked 
| 362|0x0000000697400000, 0x0000000697400000, 0x0000000697500000|  0%| F|  |TAMS 0x0000000697400000, 0x0000000697400000| Untracked 
| 363|0x0000000697500000, 0x0000000697500000, 0x0000000697600000|  0%| F|  |TAMS 0x0000000697500000, 0x0000000697500000| Untracked 
| 364|0x0000000697600000, 0x0000000697600000, 0x0000000697700000|  0%| F|  |TAMS 0x0000000697600000, 0x0000000697600000| Untracked 
| 365|0x0000000697700000, 0x0000000697700000, 0x0000000697800000|  0%| F|  |TAMS 0x0000000697700000, 0x0000000697700000| Untracked 
| 366|0x0000000697800000, 0x00000006978f5710, 0x0000000697900000| 95%| E|  |TAMS 0x0000000697800000, 0x0000000697800000| Complete 
| 367|0x0000000697900000, 0x0000000697a00000, 0x0000000697a00000|100%| E|CS|TAMS 0x0000000697900000, 0x0000000697900000| Complete 
| 368|0x0000000697a00000, 0x0000000697b00000, 0x0000000697b00000|100%| E|CS|TAMS 0x0000000697a00000, 0x0000000697a00000| Complete 
| 369|0x0000000697b00000, 0x0000000697c00000, 0x0000000697c00000|100%| E|CS|TAMS 0x0000000697b00000, 0x0000000697b00000| Complete 
| 370|0x0000000697c00000, 0x0000000697d00000, 0x0000000697d00000|100%| E|  |TAMS 0x0000000697c00000, 0x0000000697c00000| Complete 
| 371|0x0000000697d00000, 0x0000000697e00000, 0x0000000697e00000|100%| E|CS|TAMS 0x0000000697d00000, 0x0000000697d00000| Complete 
| 372|0x0000000697e00000, 0x0000000697f00000, 0x0000000697f00000|100%| E|CS|TAMS 0x0000000697e00000, 0x0000000697e00000| Complete 
| 373|0x0000000697f00000, 0x0000000698000000, 0x0000000698000000|100%| E|CS|TAMS 0x0000000697f00000, 0x0000000697f00000| Complete 
| 374|0x0000000698000000, 0x0000000698100000, 0x0000000698100000|100%| E|CS|TAMS 0x0000000698000000, 0x0000000698000000| Complete 
| 375|0x0000000698100000, 0x0000000698200000, 0x0000000698200000|100%| E|CS|TAMS 0x0000000698100000, 0x0000000698100000| Complete 
| 376|0x0000000698200000, 0x0000000698300000, 0x0000000698300000|100%| E|CS|TAMS 0x0000000698200000, 0x0000000698200000| Complete 
| 377|0x0000000698300000, 0x0000000698400000, 0x0000000698400000|100%| E|CS|TAMS 0x0000000698300000, 0x0000000698300000| Complete 
| 378|0x0000000698400000, 0x0000000698500000, 0x0000000698500000|100%| E|CS|TAMS 0x0000000698400000, 0x0000000698400000| Complete 
| 379|0x0000000698500000, 0x0000000698600000, 0x0000000698600000|100%| E|CS|TAMS 0x0000000698500000, 0x0000000698500000| Complete 
| 380|0x0000000698600000, 0x0000000698700000, 0x0000000698700000|100%| E|CS|TAMS 0x0000000698600000, 0x0000000698600000| Complete 
| 381|0x0000000698700000, 0x0000000698800000, 0x0000000698800000|100%| E|CS|TAMS 0x0000000698700000, 0x0000000698700000| Complete 
| 382|0x0000000698800000, 0x0000000698900000, 0x0000000698900000|100%| E|CS|TAMS 0x0000000698800000, 0x0000000698800000| Complete 
| 383|0x0000000698900000, 0x0000000698a00000, 0x0000000698a00000|100%| E|CS|TAMS 0x0000000698900000, 0x0000000698900000| Complete 

Card table byte_map: [0x000001b344260000,0x000001b344e60000] _byte_map_base: 0x000001b340e5b000

Marking Bits (Prev, Next): (CMBitMap*) 0x000001b329caade8, (CMBitMap*) 0x000001b329caae28
 Prev Bits: [0x000001b345a60000, 0x000001b34ba38000)
 Next Bits: [0x000001b34ba40000, 0x000001b351a18000)

Polling page: 0x000001b329a00000

Metaspace:

Usage:
  Non-class:      7.88 MB capacity,     5.18 MB ( 66%) used,     2.69 MB ( 34%) free+waste,     8.19 KB ( <1%) overhead. 
      Class:    596.00 KB capacity,   284.58 KB ( 48%) used,   308.11 KB ( 52%) free+waste,     3.31 KB ( <1%) overhead. 
       Both:      8.46 MB capacity,     5.46 MB ( 64%) used,     2.99 MB ( 35%) free+waste,    11.50 KB ( <1%) overhead. 

Virtual space:
  Non-class space:        8.00 MB reserved,       8.00 MB (100%) committed 
      Class space:        1.00 GB reserved,     640.00 KB ( <1%) committed 
             Both:        1.01 GB reserved,       8.63 MB ( <1%) committed 

Chunk freelists:
   Non-Class:  123.00 KB
       Class:  12.00 KB
        Both:  135.00 KB

MaxMetaspaceSize: 17179869184.00 GB
CompressedClassSpaceSize: 1.00 GB

CodeHeap 'non-profiled nmethods': size=120000Kb used=230Kb max_used=230Kb free=119769Kb
 bounds [0x000001b33b6c0000, 0x000001b33b930000, 0x000001b342bf0000]
CodeHeap 'profiled nmethods': size=120000Kb used=1231Kb max_used=1231Kb free=118768Kb
 bounds [0x000001b334190000, 0x000001b334400000, 0x000001b33b6c0000]
CodeHeap 'non-nmethods': size=5760Kb used=1584Kb max_used=1599Kb free=4175Kb
 bounds [0x000001b333bf0000, 0x000001b333e60000, 0x000001b334190000]
 total_blobs=2130 nmethods=716 adapters=877
 compilation: enabled
              stopped_count=0, restarted_count=0
 full_count=0

Compilation events (20 events):
Event: 0.913 Thread 0x000001b354fc4000  705       3       java.lang.reflect.Field::checkAccess (32 bytes)
Event: 0.913 Thread 0x000001b354fc4000 nmethod 705 0x000001b3342bbd10 code [0x000001b3342bbec0, 0x000001b3342bc168]
Event: 0.913 Thread 0x000001b354fc4000  708       3       jdk.internal.reflect.UnsafeQualifiedLongFieldAccessorImpl::getLong (17 bytes)
Event: 0.913 Thread 0x000001b354fc4000 nmethod 708 0x000001b3342bc290 code [0x000001b3342bc4a0, 0x000001b3342bccd8]
Event: 0.913 Thread 0x000001b354fc4000  696       3       java.lang.reflect.AccessibleObject::logIfExportedForIllegalAccess (54 bytes)
Event: 0.913 Thread 0x000001b354fc4000 nmethod 696 0x000001b3342bcf90 code [0x000001b3342bd180, 0x000001b3342bd6d8]
Event: 0.913 Thread 0x000001b354fc4000  695       3       java.lang.reflect.Field::getFieldAccessor (35 bytes)
Event: 0.913 Thread 0x000001b354fc4000 nmethod 695 0x000001b3342bd910 code [0x000001b3342bdac0, 0x000001b3342bdcc8]
Event: 0.913 Thread 0x000001b354fc4000  697       3       java.lang.reflect.Field::acquireFieldAccessor (59 bytes)
Event: 0.914 Thread 0x000001b354fc4000 nmethod 697 0x000001b3342bdd90 code [0x000001b3342bdf80, 0x000001b3342be598]
Event: 0.914 Thread 0x000001b354fc4000  698       3       java.lang.reflect.Field::getFieldAccessor (16 bytes)
Event: 0.914 Thread 0x000001b354fc4000 nmethod 698 0x000001b3342be710 code [0x000001b3342be8a0, 0x000001b3342bea38]
Event: 0.914 Thread 0x000001b354fc4000  699       3       jdk.internal.reflect.ReflectionFactory::newFieldAccessor (44 bytes)
Event: 0.914 Thread 0x000001b354fc4000 nmethod 699 0x000001b3342beb10 code [0x000001b3342bece0, 0x000001b3342bf098]
Event: 0.914 Thread 0x000001b354fc4000  700       3       java.lang.reflect.Field::getRoot (5 bytes)
Event: 0.914 Thread 0x000001b354fc4000 nmethod 700 0x000001b3342bf290 code [0x000001b3342bf420, 0x000001b3342bf558]
Event: 0.914 Thread 0x000001b354fc4000  701       3       jdk.internal.reflect.UnsafeFieldAccessorFactory::newFieldAccessor (676 bytes)
Event: 0.916 Thread 0x000001b354fc4000 nmethod 701 0x000001b3342bf610 code [0x000001b3342bfc40, 0x000001b3342c2638]
Event: 0.916 Thread 0x000001b354fc4000  709       3       jdk.internal.reflect.UnsafeFieldAccessorImpl::ensureObj (23 bytes)
Event: 0.916 Thread 0x000001b354fc4000 nmethod 709 0x000001b3342c3390 code [0x000001b3342c35a0, 0x000001b3342c3c98]

GC Heap History (0 events):
No events

Deoptimization events (16 events):
Event: 0.114 Thread 0x000001b329c24800 Uncommon trap: trap_request=0xffffff45 fr.pc=0x000001b33b6c442c relative=0x000000000000024c
Event: 0.114 Thread 0x000001b329c24800 Uncommon trap: reason=unstable_if action=reinterpret pc=0x000001b33b6c442c method=java.lang.String.hashCode()I @ 13 c2
Event: 0.114 Thread 0x000001b329c24800 DEOPT PACKING pc=0x000001b33b6c442c sp=0x00000008f7cfb420
Event: 0.114 Thread 0x000001b329c24800 DEOPT UNPACKING pc=0x000001b333c3912f sp=0x00000008f7cfb3b8 mode 2
Event: 0.124 Thread 0x000001b329c24800 DEOPT PACKING pc=0x000001b3341c93f4 sp=0x00000008f7cfd290
Event: 0.124 Thread 0x000001b329c24800 DEOPT UNPACKING pc=0x000001b333c3964e sp=0x00000008f7cfc6e8 mode 0
Event: 0.136 Thread 0x000001b329c24800 DEOPT PACKING pc=0x000001b3341cb832 sp=0x00000008f7cfc450
Event: 0.136 Thread 0x000001b329c24800 DEOPT UNPACKING pc=0x000001b333c3964e sp=0x00000008f7cfb8b8 mode 0
Event: 0.758 Thread 0x000001b329c24800 Uncommon trap: trap_request=0xffffff54 fr.pc=0x000001b33b6e6d08 relative=0x0000000000000068
Event: 0.758 Thread 0x000001b329c24800 Uncommon trap: reason=speculate_null_assert action=make_not_entrant pc=0x000001b33b6e6d08 method=sun.misc.Unsafe.getLong(Ljava/lang/Object;J)J @ 5 c2
Event: 0.758 Thread 0x000001b329c24800 DEOPT PACKING pc=0x000001b33b6e6d08 sp=0x00000008f7cff1f0
Event: 0.758 Thread 0x000001b329c24800 DEOPT UNPACKING pc=0x000001b333c3912f sp=0x00000008f7cff178 mode 2
Event: 0.905 Thread 0x000001b329c24800 Uncommon trap: trap_request=0xffffff54 fr.pc=0x000001b33b6e7010 relative=0x0000000000000070
Event: 0.905 Thread 0x000001b329c24800 Uncommon trap: reason=speculate_null_assert action=make_not_entrant pc=0x000001b33b6e7010 method=sun.misc.Unsafe.putLong(Ljava/lang/Object;JJ)V @ 7 c2
Event: 0.905 Thread 0x000001b329c24800 DEOPT PACKING pc=0x000001b33b6e7010 sp=0x00000008f7cff050
Event: 0.905 Thread 0x000001b329c24800 DEOPT UNPACKING pc=0x000001b333c3912f sp=0x00000008f7cfefc8 mode 2

Classes unloaded (0 events):
No events

Classes redefined (0 events):
No events

Internal exceptions (10 events):
Event: 0.133 Thread 0x000001b329c24800 Exception <a 'java/lang/NoSuchMethodError'{0x000000069863b7e0}: 'void java.lang.invoke.DelegatingMethodHandle$Holder.delegate(java.lang.Object, java.lang.Object, int, java.lang.Object)'> (0x000000069863b7e0) 
thrown [./open/src/hotspot/share/interpreter/linkResolver.cpp, line 766]
Event: 0.134 Thread 0x000001b329c24800 Exception <a 'java/lang/NoSuchMethodError'{0x0000000698642238}: 'java.lang.Object java.lang.invoke.DirectMethodHandle$Holder.invokeStaticInit(java.lang.Object, java.lang.Object, java.lang.Object)'> (0x0000000698642238) 
thrown [./open/src/hotspot/share/interpreter/linkResolver.cpp, line 766]
Event: 0.167 Thread 0x000001b329c24800 Exception <a 'sun/nio/fs/WindowsException'{0x000000069850c190}> (0x000000069850c190) 
thrown [./open/src/hotspot/share/prims/jni.cpp, line 599]
Event: 0.167 Thread 0x000001b329c24800 Exception <a 'sun/nio/fs/WindowsException'{0x000000069850c6e8}> (0x000000069850c6e8) 
thrown [./open/src/hotspot/share/prims/jni.cpp, line 599]
Event: 0.185 Thread 0x000001b329c24800 Exception <a 'sun/nio/fs/WindowsException'{0x0000000698587450}> (0x0000000698587450) 
thrown [./open/src/hotspot/share/prims/jni.cpp, line 599]
Event: 0.185 Thread 0x000001b329c24800 Exception <a 'sun/nio/fs/WindowsException'{0x00000006985877c0}> (0x00000006985877c0) 
thrown [./open/src/hotspot/share/prims/jni.cpp, line 599]
Event: 0.709 Thread 0x000001b329c24800 Exception <a 'sun/nio/fs/WindowsException'{0x000000069830e4d0}> (0x000000069830e4d0) 
thrown [./open/src/hotspot/share/prims/jni.cpp, line 599]
Event: 0.710 Thread 0x000001b329c24800 Exception <a 'sun/nio/fs/WindowsException'{0x000000069830e880}> (0x000000069830e880) 
thrown [./open/src/hotspot/share/prims/jni.cpp, line 599]
Event: 0.712 Thread 0x000001b329c24800 Exception <a 'sun/nio/fs/WindowsException'{0x000000069832a8d8}> (0x000000069832a8d8) 
thrown [./open/src/hotspot/share/prims/jni.cpp, line 599]
Event: 0.712 Thread 0x000001b329c24800 Exception <a 'sun/nio/fs/WindowsException'{0x000000069832abc0}> (0x000000069832abc0) 
thrown [./open/src/hotspot/share/prims/jni.cpp, line 599]

Events (20 events):
Event: 0.197 loading class java/nio/InvalidMarkException
Event: 0.197 loading class java/nio/InvalidMarkException done
Event: 0.197 loading class java/nio/BufferUnderflowException
Event: 0.197 loading class java/nio/BufferUnderflowException done
Event: 0.198 loading class java/lang/IndexOutOfBoundsException
Event: 0.198 loading class java/lang/IndexOutOfBoundsException done
Event: 0.711 Loaded shared library C:\Users\Julia\AppData\Local\Temp\lwjglJulia\3.2.3-build-13\lwjgl_opengl.dll
Event: 0.718 loading class java/util/LinkedHashSet
Event: 0.718 loading class java/util/LinkedHashSet done
Event: 0.751 Thread 0x000001b35b38e000 Thread added: 0x000001b35b38e000
Event: 0.753 Thread 0x000001b35b391000 Thread added: 0x000001b35b391000
Event: 0.758 Loaded shared library C:\Users\Julia\AppData\Local\Temp\lwjglJulia\3.2.3-build-13\lwjgl.dll
Event: 0.767 Loaded shared library C:\Users\Julia\AppData\Local\Temp\lwjglJulia\3.2.3-build-13\lwjgl.dll
Event: 0.771 Loaded shared library C:\Users\Julia\AppData\Local\Temp\lwjglJulia\3.2.3-build-13\lwjgl.dll
Event: 0.906 loading class jdk/internal/reflect/UnsafeQualifiedLongFieldAccessorImpl
Event: 0.906 loading class jdk/internal/reflect/UnsafeQualifiedFieldAccessorImpl
Event: 0.906 loading class jdk/internal/reflect/UnsafeQualifiedFieldAccessorImpl done
Event: 0.906 loading class jdk/internal/reflect/UnsafeQualifiedLongFieldAccessorImpl done
Event: 2.028 Loaded shared library C:\Users\Julia\AppData\Local\Temp\lwjglJulia\3.2.3-build-13\lwjgl_opengl.dll
Event: 2.034 Loaded shared library C:\Users\Julia\AppData\Local\Temp\lwjglJulia\3.2.3-build-13\lwjgl_opengl.dll


Dynamic libraries:
0x00007ff6355c0000 - 0x00007ff6355cf000 	C:\Programme\Java\jdk-14.0.1\bin\javaw.exe
0x00007ffdc5da0000 - 0x00007ffdc5f90000 	C:\WINDOWS\SYSTEM32\ntdll.dll
0x00007ffdc4c50000 - 0x00007ffdc4d02000 	C:\WINDOWS\System32\KERNEL32.DLL
0x00007ffdc3020000 - 0x00007ffdc32c5000 	C:\WINDOWS\System32\KERNELBASE.dll
0x00007ffdc2f20000 - 0x00007ffdc301a000 	C:\WINDOWS\System32\ucrtbase.dll
0x00007ffdbc690000 - 0x00007ffdbc6a5000 	C:\Programme\Java\jdk-14.0.1\bin\VCRUNTIME140.dll
0x00007ffdb5070000 - 0x00007ffdb5088000 	C:\Programme\Java\jdk-14.0.1\bin\jli.dll
0x00007ffdc4ee0000 - 0x00007ffdc4f83000 	C:\WINDOWS\System32\ADVAPI32.dll
0x00007ffdc4f90000 - 0x00007ffdc502e000 	C:\WINDOWS\System32\msvcrt.dll
0x00007ffdc5a90000 - 0x00007ffdc5b27000 	C:\WINDOWS\System32\sechost.dll
0x00007ffdc5c10000 - 0x00007ffdc5d30000 	C:\WINDOWS\System32\RPCRT4.dll
0x00007ffdc4080000 - 0x00007ffdc4214000 	C:\WINDOWS\System32\USER32.dll
0x00007ffdab960000 - 0x00007ffdabbe4000 	C:\WINDOWS\WinSxS\amd64_microsoft.windows.common-controls_6595b64144ccf1df_6.0.18362.1139_none_9e7bf2d3e4605ac6\COMCTL32.dll
0x00007ffdc3570000 - 0x00007ffdc3591000 	C:\WINDOWS\System32\win32u.dll
0x00007ffdc5500000 - 0x00007ffdc5835000 	C:\WINDOWS\System32\combase.dll
0x00007ffdc4ae0000 - 0x00007ffdc4b06000 	C:\WINDOWS\System32\GDI32.dll
0x00007ffdc35a0000 - 0x00007ffdc3620000 	C:\WINDOWS\System32\bcryptPrimitives.dll
0x00007ffdc2d80000 - 0x00007ffdc2f16000 	C:\WINDOWS\System32\gdi32full.dll
0x00007ffdc32d0000 - 0x00007ffdc336e000 	C:\WINDOWS\System32\msvcp_win.dll
0x00007ffdbba30000 - 0x00007ffdbba3a000 	C:\WINDOWS\SYSTEM32\VERSION.dll
0x00007ffdc5be0000 - 0x00007ffdc5c0e000 	C:\WINDOWS\System32\IMM32.DLL
0x00007ffd8c630000 - 0x00007ffd8c6cb000 	C:\Programme\Java\jdk-14.0.1\bin\msvcp140.dll
0x00007ffd5b120000 - 0x00007ffd5bc3e000 	C:\Programme\Java\jdk-14.0.1\bin\server\jvm.dll
0x00007ffdc5990000 - 0x00007ffdc5998000 	C:\WINDOWS\System32\PSAPI.DLL
0x00007ffda0f50000 - 0x00007ffda0f59000 	C:\WINDOWS\SYSTEM32\WSOCK32.dll
0x00007ffdbeda0000 - 0x00007ffdbedc4000 	C:\WINDOWS\SYSTEM32\WINMM.dll
0x00007ffdc4e70000 - 0x00007ffdc4edf000 	C:\WINDOWS\System32\WS2_32.dll
0x00007ffdbed70000 - 0x00007ffdbed9d000 	C:\WINDOWS\SYSTEM32\winmmbase.dll
0x00007ffdc3620000 - 0x00007ffdc366a000 	C:\WINDOWS\System32\cfgmgr32.dll
0x00007ffdc2c40000 - 0x00007ffdc2c51000 	C:\WINDOWS\System32\kernel.appcore.dll
0x00007ffdbca10000 - 0x00007ffdbca1a000 	C:\Programme\Java\jdk-14.0.1\bin\jimage.dll
0x00007ffdc1460000 - 0x00007ffdc1654000 	C:\WINDOWS\SYSTEM32\DBGHELP.DLL
0x00007ffdadf10000 - 0x00007ffdadf3a000 	C:\WINDOWS\SYSTEM32\dbgcore.DLL
0x00007ffdb45e0000 - 0x00007ffdb4605000 	C:\Programme\Java\jdk-14.0.1\bin\java.dll
0x00007ffdbc1e0000 - 0x00007ffdbc1f6000 	C:\Programme\Java\jdk-14.0.1\bin\zip.dll
0x00007ffdc4230000 - 0x00007ffdc4917000 	C:\WINDOWS\System32\SHELL32.dll
0x00007ffdc3ea0000 - 0x00007ffdc3f49000 	C:\WINDOWS\System32\shcore.dll
0x00007ffdc36a0000 - 0x00007ffdc3e20000 	C:\WINDOWS\System32\windows.storage.dll
0x00007ffdc2c80000 - 0x00007ffdc2ca3000 	C:\WINDOWS\System32\profapi.dll
0x00007ffdc2cb0000 - 0x00007ffdc2cfa000 	C:\WINDOWS\System32\powrprof.dll
0x00007ffdc2c30000 - 0x00007ffdc2c40000 	C:\WINDOWS\System32\UMPDC.dll
0x00007ffdc5910000 - 0x00007ffdc5962000 	C:\WINDOWS\System32\shlwapi.dll
0x00007ffdc2d00000 - 0x00007ffdc2d17000 	C:\WINDOWS\System32\cryptsp.dll
0x00007ffdbbad0000 - 0x00007ffdbbae9000 	C:\Programme\Java\jdk-14.0.1\bin\net.dll
0x00007ffdbb460000 - 0x00007ffdbb550000 	C:\WINDOWS\SYSTEM32\WINHTTP.dll
0x00007ffdc2430000 - 0x00007ffdc2497000 	C:\WINDOWS\system32\mswsock.dll
0x00007ffdb5d50000 - 0x00007ffdb5d62000 	C:\Programme\Java\jdk-14.0.1\bin\nio.dll
0x00007ffd96ce0000 - 0x00007ffd96d44000 	C:\Users\Julia\AppData\Local\Temp\lwjglJulia\3.2.3-build-13\lwjgl.dll
0x00007ffd7b610000 - 0x00007ffd7b672000 	C:\Users\Julia\AppData\Local\Temp\lwjglJulia\3.2.3-build-13\glfw.dll
0x00007ffdc0730000 - 0x00007ffdc07c9000 	C:\WINDOWS\system32\uxtheme.dll
0x00007ffdb4750000 - 0x00007ffdb4793000 	C:\WINDOWS\SYSTEM32\dinput8.dll
0x00007ffda1fd0000 - 0x00007ffda1fe1000 	C:\WINDOWS\SYSTEM32\xinput1_4.dll
0x00007ffdc2a20000 - 0x00007ffdc2a4a000 	C:\WINDOWS\SYSTEM32\DEVOBJ.dll
0x00007ffdc0f40000 - 0x00007ffdc0f6d000 	C:\WINDOWS\SYSTEM32\dwmapi.dll
0x00007ffdb2e60000 - 0x00007ffdb2f7b000 	C:\WINDOWS\SYSTEM32\inputhost.dll
0x00007ffdbe440000 - 0x00007ffdbe593000 	C:\WINDOWS\SYSTEM32\wintypes.dll
0x00007ffdc0a80000 - 0x00007ffdc0b70000 	C:\WINDOWS\SYSTEM32\PROPSYS.dll
0x00007ffdc0080000 - 0x00007ffdc0154000 	C:\WINDOWS\SYSTEM32\CoreMessaging.dll
0x00007ffdb93d0000 - 0x00007ffdb96fa000 	C:\WINDOWS\SYSTEM32\CoreUIComponents.dll
0x00007ffdc5840000 - 0x00007ffdc5905000 	C:\WINDOWS\System32\OLEAUT32.dll
0x00007ffdc1c30000 - 0x00007ffdc1c61000 	C:\WINDOWS\SYSTEM32\ntmarta.dll
0x00007ffdc4b10000 - 0x00007ffdc4c45000 	C:\WINDOWS\System32\MSCTF.dll
0x00007ffdc17e0000 - 0x00007ffdc17ee000 	C:\WINDOWS\SYSTEM32\HID.DLL
0x00007ffdc5030000 - 0x00007ffdc54a0000 	C:\WINDOWS\System32\SETUPAPI.DLL
0x00007ffdc3670000 - 0x00007ffdc3696000 	C:\WINDOWS\System32\bcrypt.dll
0x00007ffdc2d20000 - 0x00007ffdc2d7c000 	C:\WINDOWS\System32\WINTRUST.dll
0x00007ffdc2c60000 - 0x00007ffdc2c72000 	C:\WINDOWS\System32\MSASN1.dll
0x00007ffdc3370000 - 0x00007ffdc34b9000 	C:\WINDOWS\System32\CRYPT32.dll
0x00007ffd87720000 - 0x00007ffd87876000 	C:\WINDOWS\SYSTEM32\opengl32.dll
0x00007ffd9bd70000 - 0x00007ffd9bd9c000 	C:\WINDOWS\SYSTEM32\GLU32.dll
0x00007ffdc1840000 - 0x00007ffdc1860000 	C:\WINDOWS\SYSTEM32\dxcore.dll
0x00007ffd77ed0000 - 0x00007ffd7a715000 	C:\WINDOWS\System32\DriverStore\FileRepository\nv_dispi.inf_amd64_e92a0ac2e05fb2ca\nvoglv64.dll
0x00007ffdc4d10000 - 0x00007ffdc4e67000 	C:\WINDOWS\System32\ole32.dll
0x00007ffdbe910000 - 0x00007ffdbe923000 	C:\WINDOWS\SYSTEM32\WTSAPI32.dll
0x00007ffda1d20000 - 0x00007ffda1fce000 	C:\WINDOWS\system32\nvspcap64.dll
0x00007ffdc1ca0000 - 0x00007ffdc1cf6000 	C:\WINDOWS\SYSTEM32\WINSTA.dll
0x00007ffdb5300000 - 0x00007ffdb539e000 	C:\WINDOWS\System32\TextInputFramework.dll
0x00007ffdb1fd0000 - 0x00007ffdb2277000 	C:\WINDOWS\System32\iertutil.dll
0x00007ffdb05b0000 - 0x00007ffdb0615000 	C:\WINDOWS\system32\Oleacc.dll
0x00007ffdb4610000 - 0x00007ffdb4669000 	C:\Users\Julia\AppData\Local\Temp\lwjglJulia\3.2.3-build-13\lwjgl_opengl.dll

dbghelp: loaded successfully - version: 4.0.5 - missing functions: none
symbol engine: initialized successfully - sym options: 0x614 - pdb path: .;C:\Programme\Java\jdk-14.0.1\bin;C:\WINDOWS\SYSTEM32;C:\WINDOWS\WinSxS\amd64_microsoft.windows.common-controls_6595b64144ccf1df_6.0.18362.1139_none_9e7bf2d3e4605ac6;C:\Programme\Java\jdk-14.0.1\bin\server;C:\Users\Julia\AppData\Local\Temp\lwjglJulia\3.2.3-build-13;C:\WINDOWS\System32\DriverStore\FileRepository\nv_dispi.inf_amd64_e92a0ac2e05fb2ca

VM Arguments:
jvm_args: -Dfile.encoding=Cp1252 
java_command: graphics.Main
java_class_path (initial): D:\Julian\Uni\Semester 10\RISpractice\bin;D:\Julian\Uni\Semester 10\RISpractice\lib\joml-1.9.25-javadoc.jar;D:\Julian\Uni\Semester 10\RISpractice\lib\joml-1.9.25-sources.jar;D:\Julian\Uni\Semester 10\RISpractice\lib\joml-1.9.25.jar;D:\Julian\Uni\Semester 10\RISpractice\lib\lwjgl-glfw-javadoc.jar;D:\Julian\Uni\Semester 10\RISpractice\lib\lwjgl-glfw-natives-windows.jar;D:\Julian\Uni\Semester 10\RISpractice\lib\lwjgl-glfw-sources.jar;D:\Julian\Uni\Semester 10\RISpractice\lib\lwjgl-glfw.jar;D:\Julian\Uni\Semester 10\RISpractice\lib\lwjgl-openal-javadoc.jar;D:\Julian\Uni\Semester 10\RISpractice\lib\lwjgl-openal-natives-windows.jar;D:\Julian\Uni\Semester 10\RISpractice\lib\lwjgl-openal-sources.jar;D:\Julian\Uni\Semester 10\RISpractice\lib\lwjgl-openal.jar;D:\Julian\Uni\Semester 10\RISpractice\lib\lwjgl-opengl-javadoc.jar;D:\Julian\Uni\Semester 10\RISpractice\lib\lwjgl-opengl-natives-windows.jar;D:\Julian\Uni\Semester 10\RISpractice\lib\lwjgl-opengl-sources.jar;D:\Julian\Uni\Semester 10\RISpractice\lib\lwjgl-opengl.jar;D:\Julian\Uni\Semester 10\RISpractice\lib\lwjgl-stb-javadoc.jar;D:\Julian\Uni\Semester 10\RISpractice\lib\lwjgl-stb-natives-windows.jar;D:\Julian\Uni\Semester 10\RISpractice\lib\lwjgl-stb-sources.jar;D:\Julian\Uni\Semester 10\RISpractice\lib\lwjgl-stb.jar;D:\Julian\Uni\Semester 10\RISpractice\lib\lwjgl-zstd-natives-windows.jar;D:\Julian\Uni\Semester 10\RISpractice\lib\lwjgl.jar;D:\Julian\Uni\Semester 10\RISpractice\lib\lwjgl-natives-windows.jar
Launcher Type: SUN_STANDARD

[Global flags]
     intx CICompilerCount                          = 4                                         {product} {ergonomic}
     uint ConcGCThreads                            = 2                                         {product} {ergonomic}
     uint G1ConcRefinementThreads                  = 8                                         {product} {ergonomic}
   size_t G1HeapRegionSize                         = 1048576                                   {product} {ergonomic}
    uintx GCDrainStackTargetSize                   = 64                                        {product} {ergonomic}
   size_t InitialHeapSize                          = 402653184                                 {product} {ergonomic}
   size_t MarkStackSize                            = 4194304                                   {product} {ergonomic}
   size_t MaxHeapSize                              = 6431965184                                {product} {ergonomic}
   size_t MaxNewSize                               = 3858759680                                {product} {ergonomic}
   size_t MinHeapDeltaBytes                        = 1048576                                   {product} {ergonomic}
   size_t MinHeapSize                              = 8388608                                   {product} {ergonomic}
    uintx NonNMethodCodeHeapSize                   = 5839372                                {pd product} {ergonomic}
    uintx NonProfiledCodeHeapSize                  = 122909434                              {pd product} {ergonomic}
    uintx ProfiledCodeHeapSize                     = 122909434                              {pd product} {ergonomic}
    uintx ReservedCodeCacheSize                    = 251658240                              {pd product} {ergonomic}
     bool SegmentedCodeCache                       = true                                      {product} {ergonomic}
   size_t SoftMaxHeapSize                          = 6431965184                             {manageable} {ergonomic}
     bool UseCompressedClassPointers               = true                                 {lp64_product} {ergonomic}
     bool UseCompressedOops                        = true                                 {lp64_product} {ergonomic}
     bool UseG1GC                                  = true                                      {product} {ergonomic}
     bool UseLargePagesIndividualAllocation        = false                                  {pd product} {ergonomic}

Logging:
Log output configuration:
 #0: stdout all=warning uptime,level,tags
 #1: stderr all=off uptime,level,tags

Environment Variables:
JAVA_HOME=C:\Program Files\Java\jdk1.8.0_111
PATH=C:/Programme/Java/jdk-14.0.1/bin/server;C:/Programme/Java/jdk-14.0.1/bin;C:\Python39\Scripts\;C:\Python39\;C:\Program Files (x86)\Common Files\Intel\Shared Libraries\redist\intel64_win\compiler;C:\Program Files (x86)\Razer Chroma SDK\bin;C:\Program Files\Razer Chroma SDK\bin;C:\Windows\system32;C:\Windows;C:\Windows\System32\Wbem;C:\Windows\System32\WindowsPowerShell\v1.0\;C:\Program Files (x86)\NVIDIA Corporation\PhysX\Common;C:\Users\Julia\AppData\Local\Microsoft\WindowsApps;D:\Program Files (x86)\Brackets\command;C:\Program Files (x86)\GtkSharp\2.12\bin;D:\Julian\Programming\Anaconda3;D:\Julian\Programming\Anaconda3\Scripts;D:\Julian\Programming\Anaconda3\Library\bin;C:\WINDOWS\system32;C:\WINDOWS;C:\WINDOWS\System32\Wbem;C:\WINDOWS\System32\WindowsPowerShell\v1.0\;C:\WINDOWS\system32\config\systemprofile\AppData\Local\Microsoft\WindowsApps;C:\WINDOWS\system32;C:\WINDOWS;C:\WINDOWS\System32\Wbem;C:\WINDOWS\System32\WindowsPowerShell\v1.0\;C:\WINDOWS\System32\OpenSSH\;C:\Program Files\Java\jdk1.8.0_111\bin;C:\Program Files\Java\jdk1.8.0_111\bin;D:\Programme\Git\cmd;C:\Program Files\NVIDIA Corporation\NVIDIA NvDLISR;D:\Programme\Hugo\bin;D:\Programme\nodejs\;C:\ProgramData\chocolatey\bin;C:\Users\Julia\AppData\Local\Programs\Python\Python37\Scripts\;C:\Users\Julia\AppData\Local\Programs\Python\Python37\;C:\Program Files (x86)\Common Files\Intel\Shared Libraries\redist\intel64_win\compiler;C:\Users\Julia\AppData\Local\Microsoft\WindowsApps;C:\Users\Julia\AppData\Local\Microsoft\WindowsApps;C:\Users\Julia\AppData\Roaming\npm;D:\Programme\Microsoft VS Code\bin;C:\WINDOWS\System32;
USERNAME=Julia
OS=Windows_NT
PROCESSOR_IDENTIFIER=Intel64 Family 6 Model 94 Stepping 3, GenuineIntel



---------------  S Y S T E M  ---------------

OS: Windows 10 , 64 bit Build 18362 (10.0.18362.1110)
OS uptime: 6 days 4:20 hours
HyperV virtualization detected

CPU:total 8 (initial active 8) (4 cores per cpu, 2 threads per core) family 6 model 94 stepping 3, cmov, cx8, fxsr, mmx, sse, sse2, sse3, ssse3, sse4.1, sse4.2, popcnt, avx, avx2, aes, clmul, erms, rtm, 3dnowpref, lzcnt, ht, tsc, tscinvbit, bmi1, bmi2, adx, fma

Memory: 4k page, system-wide physical 24528M (10809M free)
TotalPageFile size 39376M (AvailPageFile size 11895M)
current process WorkingSet (physical memory assigned to process): 97M, peak: 98M
current process commit charge ("private bytes"): 525M, peak: 527M

vm_info: Java HotSpot(TM) 64-Bit Server VM (14.0.1+7) for windows-amd64 JRE (14.0.1+7), built on Mar  5 2020 10:30:14 by "mach5one" with MS VC++ 15.9 (VS2017)

END.
